The system is: Linux - 4.14.0-115.el7a.ppc64le - ppc64le
Compiling the CXX compiler identification source file "CMakeCXXCompilerId.cpp" succeeded.
Compiler: /apps/GCC/6.4.0/bin/g++ 
Build flags: 
Id flags:  

The output was:
0


Compilation of the CXX compiler identification source "CMakeCXXCompilerId.cpp" produced "a.out"

The CXX compiler identification is GNU, found in "/home/nct01/nct01051/pumps_cuda_22/gather/build/CMakeFiles/3.11.1/CompilerIdCXX/a.out"

Compiling the CUDA compiler identification source file "CMakeCUDACompilerId.cu" succeeded.
Compiler: /usr/local/cuda-9.1/bin/nvcc 
Build flags: 
Id flags:  -v;--keep;--keep-dir;tmp

The output was:
0
#$ _SPACE_= 
#$ _CUDART_=cudart
#$ _HERE_=/usr/local/cuda-9.1/bin
#$ _THERE_=/usr/local/cuda-9.1/bin
#$ _TARGET_SIZE_=
#$ _TARGET_DIR_=
#$ _TARGET_DIR_=targets/ppc64le-linux
#$ TOP=/usr/local/cuda-9.1/bin/..
#$ NVVMIR_LIBRARY_DIR=/usr/local/cuda-9.1/bin/../nvvm/libdevice
#$ LD_LIBRARY_PATH=/usr/local/cuda-9.1/bin/../lib:/usr/local/cuda-9.1/extras/CUPTI/lib64:/usr/local/cuda-9.1/nvvm/lib64:/usr/local/cuda-9.1/lib64:/usr/lib64/nvidia/xorg:/apps/OPENMPI/3.0.0/GCC/lib:/apps/GCC/6.4.0/lib64:/apps/GCC/6.4.0/lib
#$ PATH=/usr/local/cuda-9.1/bin/../nvvm/bin:/usr/local/cuda-9.1/bin:/apps/CMAKE/3.11.1/bin:/apps/modules/bsc/bin:/usr/local/cuda-9.1/nvvm/bin:/usr/local/cuda-9.1/libnvvp:/usr/local/cuda-9.1/bin:/apps/OPENMPI/3.0.0/GCC/bin:/apps/GCC/6.4.0/bin:/usr/local/bin:/usr/bin:/usr/local/sbin:/usr/sbin:/opt/ibutils/bin:/home/nct01/nct01051/bin
#$ INCLUDES="-I/usr/local/cuda-9.1/bin/../targets/ppc64le-linux/include"  
#$ LIBRARIES=  "-L/usr/local/cuda-9.1/bin/../targets/ppc64le-linux/lib/stubs" "-L/usr/local/cuda-9.1/bin/../targets/ppc64le-linux/lib"
#$ CUDAFE_FLAGS=
#$ PTXAS_FLAGS=
#$ rm tmp/a_dlink.reg.c
#$ gcc -std=c++14 -D__CUDA_ARCH__=300 -E -x c++  -DCUDA_DOUBLE_MATH_FUNCTIONS -D__CUDACC__ -D__NVCC__  "-I/usr/local/cuda-9.1/bin/../targets/ppc64le-linux/include"   -D"__CUDACC_VER_BUILD__=85" -D"__CUDACC_VER_MINOR__=1" -D"__CUDACC_VER_MAJOR__=9" -include "cuda_runtime.h" "CMakeCUDACompilerId.cu" > "tmp/CMakeCUDACompilerId.cpp1.ii" 
#$ cicc --c++14 --gnu_version=60400 --allow_managed --unsigned_chars   -arch compute_30 -m64 -ftz=0 -prec_div=1 -prec_sqrt=1 -fmad=1 --include_file_name "CMakeCUDACompilerId.fatbin.c" -tused -nvvmir-library "/usr/local/cuda-9.1/bin/../nvvm/libdevice/libdevice.10.bc" --gen_module_id_file --module_id_file_name "tmp/CMakeCUDACompilerId.module_id" --orig_src_file_name "CMakeCUDACompilerId.cu" --gen_c_file_name "tmp/CMakeCUDACompilerId.cudafe1.c" --stub_file_name "tmp/CMakeCUDACompilerId.cudafe1.stub.c" --gen_device_file_name "tmp/CMakeCUDACompilerId.cudafe1.gpu"  "tmp/CMakeCUDACompilerId.cpp1.ii" -o "tmp/CMakeCUDACompilerId.ptx"
#$ ptxas -arch=sm_30 -m64  "tmp/CMakeCUDACompilerId.ptx"  -o "tmp/CMakeCUDACompilerId.sm_30.cubin" 
#$ fatbinary --create="tmp/CMakeCUDACompilerId.fatbin" -64 "--image=profile=sm_30,file=tmp/CMakeCUDACompilerId.sm_30.cubin" "--image=profile=compute_30,file=tmp/CMakeCUDACompilerId.ptx" --embedded-fatbin="tmp/CMakeCUDACompilerId.fatbin.c" --cuda
#$ gcc -std=c++14 -E -x c++ -D__CUDACC__ -D__NVCC__  "-I/usr/local/cuda-9.1/bin/../targets/ppc64le-linux/include"   -D"__CUDACC_VER_BUILD__=85" -D"__CUDACC_VER_MINOR__=1" -D"__CUDACC_VER_MAJOR__=9" -include "cuda_runtime.h" "CMakeCUDACompilerId.cu" > "tmp/CMakeCUDACompilerId.cpp4.ii" 
#$ cudafe++ --c++14 --gnu_version=60400 --allow_managed --unsigned_chars  --m64 --parse_templates --gen_c_file_name "tmp/CMakeCUDACompilerId.cudafe1.cpp" --stub_file_name "CMakeCUDACompilerId.cudafe1.stub.c" --module_id_file_name "tmp/CMakeCUDACompilerId.module_id" "tmp/CMakeCUDACompilerId.cpp4.ii" 
#$ gcc -std=c++14 -D__CUDA_ARCH__=300 -c -x c++  -DCUDA_DOUBLE_MATH_FUNCTIONS "-I/usr/local/cuda-9.1/bin/../targets/ppc64le-linux/include"   -o "tmp/CMakeCUDACompilerId.o" "tmp/CMakeCUDACompilerId.cudafe1.cpp" 
#$ nvlink --arch=sm_30 --register-link-binaries="tmp/a_dlink.reg.c"  -m64   "-L/usr/local/cuda-9.1/bin/../targets/ppc64le-linux/lib/stubs" "-L/usr/local/cuda-9.1/bin/../targets/ppc64le-linux/lib" -cpu-arch=PPC64LE "tmp/CMakeCUDACompilerId.o"  -o "tmp/a_dlink.sm_30.cubin"
#$ fatbinary --create="tmp/a_dlink.fatbin" -64 -link "--image=profile=sm_30,file=tmp/a_dlink.sm_30.cubin" --embedded-fatbin="tmp/a_dlink.fatbin.c" 
#$ gcc -std=c++14 -c -x c++ -DFATBINFILE="\"tmp/a_dlink.fatbin.c\"" -DREGISTERLINKBINARYFILE="\"tmp/a_dlink.reg.c\"" -I. -D__NV_EXTRA_INITIALIZATION= -D__NV_EXTRA_FINALIZATION=  "-I/usr/local/cuda-9.1/bin/../targets/ppc64le-linux/include"   -D"__CUDACC_VER_BUILD__=85" -D"__CUDACC_VER_MINOR__=1" -D"__CUDACC_VER_MAJOR__=9" -o "tmp/a_dlink.o" "/usr/local/cuda-9.1/bin/crt/link.stub" 
#$ g++ -o "a.out" -std=c++14 -Wl,--start-group "tmp/a_dlink.o" "tmp/CMakeCUDACompilerId.o"   "-L/usr/local/cuda-9.1/bin/../targets/ppc64le-linux/lib/stubs" "-L/usr/local/cuda-9.1/bin/../targets/ppc64le-linux/lib" -lcudadevrt  -lcudart_static  -lrt -lpthread  -ldl  -Wl,--end-group 


Compilation of the CUDA compiler identification source "CMakeCUDACompilerId.cu" produced "a.out"

The CUDA compiler identification is NVIDIA, found in "/home/nct01/nct01051/pumps_cuda_22/gather/build/CMakeFiles/3.11.1/CompilerIdCUDA/a.out"

Parsed CUDA nvcc implicit link information from above output:
  found 'PATH=' string: [/usr/local/cuda-9.1/bin/../nvvm/bin:/usr/local/cuda-9.1/bin:/apps/CMAKE/3.11.1/bin:/apps/modules/bsc/bin:/usr/local/cuda-9.1/nvvm/bin:/usr/local/cuda-9.1/libnvvp:/usr/local/cuda-9.1/bin:/apps/OPENMPI/3.0.0/GCC/bin:/apps/GCC/6.4.0/bin:/usr/local/bin:/usr/bin:/usr/local/sbin:/usr/sbin:/opt/ibutils/bin:/home/nct01/nct01051/bin]
  found 'LIBRARIES=' string: ["-L/usr/local/cuda-9.1/bin/../targets/ppc64le-linux/lib/stubs" "-L/usr/local/cuda-9.1/bin/../targets/ppc64le-linux/lib"]
  considering line: [#$ rm tmp/a_dlink.reg.c]
  considering line: [gcc -std=c++14 -D__CUDA_ARCH__=300 -E -x c++  -DCUDA_DOUBLE_MATH_FUNCTIONS -D__CUDACC__ -D__NVCC__  "-I/usr/local/cuda-9.1/bin/../targets/ppc64le-linux/include"   -D"__CUDACC_VER_BUILD__=85" -D"__CUDACC_VER_MINOR__=1" -D"__CUDACC_VER_MAJOR__=9" -include "cuda_runtime.h" "CMakeCUDACompilerId.cu" > "tmp/CMakeCUDACompilerId.cpp1.ii" ]
  considering line: [cicc --c++14 --gnu_version=60400 --allow_managed --unsigned_chars   -arch compute_30 -m64 -ftz=0 -prec_div=1 -prec_sqrt=1 -fmad=1 --include_file_name "CMakeCUDACompilerId.fatbin.c" -tused -nvvmir-library "/usr/local/cuda-9.1/bin/../nvvm/libdevice/libdevice.10.bc" --gen_module_id_file --module_id_file_name "tmp/CMakeCUDACompilerId.module_id" --orig_src_file_name "CMakeCUDACompilerId.cu" --gen_c_file_name "tmp/CMakeCUDACompilerId.cudafe1.c" --stub_file_name "tmp/CMakeCUDACompilerId.cudafe1.stub.c" --gen_device_file_name "tmp/CMakeCUDACompilerId.cudafe1.gpu"  "tmp/CMakeCUDACompilerId.cpp1.ii" -o "tmp/CMakeCUDACompilerId.ptx"]
  considering line: [ptxas -arch=sm_30 -m64  "tmp/CMakeCUDACompilerId.ptx"  -o "tmp/CMakeCUDACompilerId.sm_30.cubin" ]
  considering line: [fatbinary --create="tmp/CMakeCUDACompilerId.fatbin" -64 "--image=profile=sm_30,file=tmp/CMakeCUDACompilerId.sm_30.cubin" "--image=profile=compute_30,file=tmp/CMakeCUDACompilerId.ptx" --embedded-fatbin="tmp/CMakeCUDACompilerId.fatbin.c" --cuda]
  considering line: [gcc -std=c++14 -E -x c++ -D__CUDACC__ -D__NVCC__  "-I/usr/local/cuda-9.1/bin/../targets/ppc64le-linux/include"   -D"__CUDACC_VER_BUILD__=85" -D"__CUDACC_VER_MINOR__=1" -D"__CUDACC_VER_MAJOR__=9" -include "cuda_runtime.h" "CMakeCUDACompilerId.cu" > "tmp/CMakeCUDACompilerId.cpp4.ii" ]
  considering line: [cudafe++ --c++14 --gnu_version=60400 --allow_managed --unsigned_chars  --m64 --parse_templates --gen_c_file_name "tmp/CMakeCUDACompilerId.cudafe1.cpp" --stub_file_name "CMakeCUDACompilerId.cudafe1.stub.c" --module_id_file_name "tmp/CMakeCUDACompilerId.module_id" "tmp/CMakeCUDACompilerId.cpp4.ii" ]
  considering line: [gcc -std=c++14 -D__CUDA_ARCH__=300 -c -x c++  -DCUDA_DOUBLE_MATH_FUNCTIONS "-I/usr/local/cuda-9.1/bin/../targets/ppc64le-linux/include"   -o "tmp/CMakeCUDACompilerId.o" "tmp/CMakeCUDACompilerId.cudafe1.cpp" ]
  considering line: [nvlink --arch=sm_30 --register-link-binaries="tmp/a_dlink.reg.c"  -m64   "-L/usr/local/cuda-9.1/bin/../targets/ppc64le-linux/lib/stubs" "-L/usr/local/cuda-9.1/bin/../targets/ppc64le-linux/lib" -cpu-arch=PPC64LE "tmp/CMakeCUDACompilerId.o"  -o "tmp/a_dlink.sm_30.cubin"]
    ignoring nvlink line
  considering line: [fatbinary --create="tmp/a_dlink.fatbin" -64 -link "--image=profile=sm_30,file=tmp/a_dlink.sm_30.cubin" --embedded-fatbin="tmp/a_dlink.fatbin.c" ]
  considering line: [gcc -std=c++14 -c -x c++ -DFATBINFILE="\"tmp/a_dlink.fatbin.c\"" -DREGISTERLINKBINARYFILE="\"tmp/a_dlink.reg.c\"" -I. -D__NV_EXTRA_INITIALIZATION= -D__NV_EXTRA_FINALIZATION=  "-I/usr/local/cuda-9.1/bin/../targets/ppc64le-linux/include"   -D"__CUDACC_VER_BUILD__=85" -D"__CUDACC_VER_MINOR__=1" -D"__CUDACC_VER_MAJOR__=9" -o "tmp/a_dlink.o" "/usr/local/cuda-9.1/bin/crt/link.stub" ]
  considering line: [g++ -o "a.out" -std=c++14 -Wl,--start-group "tmp/a_dlink.o" "tmp/CMakeCUDACompilerId.o"   "-L/usr/local/cuda-9.1/bin/../targets/ppc64le-linux/lib/stubs" "-L/usr/local/cuda-9.1/bin/../targets/ppc64le-linux/lib" -lcudadevrt  -lcudart_static  -lrt -lpthread  -ldl  -Wl,--end-group ]
    extracted link line: [g++ -o "a.out" -std=c++14 -Wl,--start-group "tmp/a_dlink.o" "tmp/CMakeCUDACompilerId.o"   "-L/usr/local/cuda-9.1/bin/../targets/ppc64le-linux/lib/stubs" "-L/usr/local/cuda-9.1/bin/../targets/ppc64le-linux/lib" -lcudadevrt  -lcudart_static  -lrt -lpthread  -ldl  -Wl,--end-group ]
  considering line: []
  extracted link launcher name: [g++]
  found link launcher absolute path: [/apps/GCC/6.4.0/bin/g++]

  link line regex: [^( *|.*[/\])(ld|CMAKE_LINK_STARTFILE-NOTFOUND|([^/\]+-)?ld|collect2)[^/\]*( |$)]
  link line: [cuda-fake-ld g++ -o "a.out" -std=c++14 -Wl,--start-group "tmp/a_dlink.o" "tmp/CMakeCUDACompilerId.o"   "-L/usr/local/cuda-9.1/bin/../targets/ppc64le-linux/lib/stubs" "-L/usr/local/cuda-9.1/bin/../targets/ppc64le-linux/lib" -lcudadevrt  -lcudart_static  -lrt -lpthread  -ldl  -Wl,--end-group ]
    arg [cuda-fake-ld] ==> ignore
    arg [g++] ==> ignore
    arg [-o] ==> ignore
    arg [a.out] ==> ignore
    arg [-std=c++14] ==> ignore
    arg [-Wl,--start-group] ==> ignore
    arg [tmp/a_dlink.o] ==> ignore
    arg [tmp/CMakeCUDACompilerId.o] ==> ignore
    arg [-L/usr/local/cuda-9.1/bin/../targets/ppc64le-linux/lib/stubs] ==> dir [/usr/local/cuda-9.1/bin/../targets/ppc64le-linux/lib/stubs]
    arg [-L/usr/local/cuda-9.1/bin/../targets/ppc64le-linux/lib] ==> dir [/usr/local/cuda-9.1/bin/../targets/ppc64le-linux/lib]
    arg [-lcudadevrt] ==> lib [cudadevrt]
    arg [-lcudart_static] ==> lib [cudart_static]
    arg [-lrt] ==> lib [rt]
    arg [-lpthread] ==> lib [pthread]
    arg [-ldl] ==> lib [dl]
    arg [-Wl,--end-group] ==> ignore
  collapse library dir [/usr/local/cuda-9.1/bin/../targets/ppc64le-linux/lib/stubs] ==> [/usr/local/cuda-9.1/targets/ppc64le-linux/lib/stubs]
  collapse library dir [/usr/local/cuda-9.1/bin/../targets/ppc64le-linux/lib] ==> [/usr/local/cuda-9.1/targets/ppc64le-linux/lib]
  implicit libs: [cudadevrt;cudart_static;rt;pthread;dl]
  implicit dirs: [/usr/local/cuda-9.1/targets/ppc64le-linux/lib/stubs;/usr/local/cuda-9.1/targets/ppc64le-linux/lib]
  implicit fwks: []


Parsed CUDA nvcc include information from above output:
  found 'PATH=' string: [/usr/local/cuda-9.1/bin/../nvvm/bin:/usr/local/cuda-9.1/bin:/apps/CMAKE/3.11.1/bin:/apps/modules/bsc/bin:/usr/local/cuda-9.1/nvvm/bin:/usr/local/cuda-9.1/libnvvp:/usr/local/cuda-9.1/bin:/apps/OPENMPI/3.0.0/GCC/bin:/apps/GCC/6.4.0/bin:/usr/local/bin:/usr/bin:/usr/local/sbin:/usr/sbin:/opt/ibutils/bin:/home/nct01/nct01051/bin]
  found 'LIBRARIES=' string: ["-L/usr/local/cuda-9.1/bin/../targets/ppc64le-linux/lib/stubs" "-L/usr/local/cuda-9.1/bin/../targets/ppc64le-linux/lib"]
  considering line: [#$ rm tmp/a_dlink.reg.c]
  considering line: [gcc -std=c++14 -D__CUDA_ARCH__=300 -E -x c++  -DCUDA_DOUBLE_MATH_FUNCTIONS -D__CUDACC__ -D__NVCC__  "-I/usr/local/cuda-9.1/bin/../targets/ppc64le-linux/include"   -D"__CUDACC_VER_BUILD__=85" -D"__CUDACC_VER_MINOR__=1" -D"__CUDACC_VER_MAJOR__=9" -include "cuda_runtime.h" "CMakeCUDACompilerId.cu" > "tmp/CMakeCUDACompilerId.cpp1.ii" ]
  considering line: [cicc --c++14 --gnu_version=60400 --allow_managed --unsigned_chars   -arch compute_30 -m64 -ftz=0 -prec_div=1 -prec_sqrt=1 -fmad=1 --include_file_name "CMakeCUDACompilerId.fatbin.c" -tused -nvvmir-library "/usr/local/cuda-9.1/bin/../nvvm/libdevice/libdevice.10.bc" --gen_module_id_file --module_id_file_name "tmp/CMakeCUDACompilerId.module_id" --orig_src_file_name "CMakeCUDACompilerId.cu" --gen_c_file_name "tmp/CMakeCUDACompilerId.cudafe1.c" --stub_file_name "tmp/CMakeCUDACompilerId.cudafe1.stub.c" --gen_device_file_name "tmp/CMakeCUDACompilerId.cudafe1.gpu"  "tmp/CMakeCUDACompilerId.cpp1.ii" -o "tmp/CMakeCUDACompilerId.ptx"]
  considering line: [ptxas -arch=sm_30 -m64  "tmp/CMakeCUDACompilerId.ptx"  -o "tmp/CMakeCUDACompilerId.sm_30.cubin" ]
  considering line: [fatbinary --create="tmp/CMakeCUDACompilerId.fatbin" -64 "--image=profile=sm_30,file=tmp/CMakeCUDACompilerId.sm_30.cubin" "--image=profile=compute_30,file=tmp/CMakeCUDACompilerId.ptx" --embedded-fatbin="tmp/CMakeCUDACompilerId.fatbin.c" --cuda]
  considering line: [gcc -std=c++14 -E -x c++ -D__CUDACC__ -D__NVCC__  "-I/usr/local/cuda-9.1/bin/../targets/ppc64le-linux/include"   -D"__CUDACC_VER_BUILD__=85" -D"__CUDACC_VER_MINOR__=1" -D"__CUDACC_VER_MAJOR__=9" -include "cuda_runtime.h" "CMakeCUDACompilerId.cu" > "tmp/CMakeCUDACompilerId.cpp4.ii" ]
  considering line: [cudafe++ --c++14 --gnu_version=60400 --allow_managed --unsigned_chars  --m64 --parse_templates --gen_c_file_name "tmp/CMakeCUDACompilerId.cudafe1.cpp" --stub_file_name "CMakeCUDACompilerId.cudafe1.stub.c" --module_id_file_name "tmp/CMakeCUDACompilerId.module_id" "tmp/CMakeCUDACompilerId.cpp4.ii" ]
  considering line: [gcc -std=c++14 -D__CUDA_ARCH__=300 -c -x c++  -DCUDA_DOUBLE_MATH_FUNCTIONS "-I/usr/local/cuda-9.1/bin/../targets/ppc64le-linux/include"   -o "tmp/CMakeCUDACompilerId.o" "tmp/CMakeCUDACompilerId.cudafe1.cpp" ]
  considering line: [nvlink --arch=sm_30 --register-link-binaries="tmp/a_dlink.reg.c"  -m64   "-L/usr/local/cuda-9.1/bin/../targets/ppc64le-linux/lib/stubs" "-L/usr/local/cuda-9.1/bin/../targets/ppc64le-linux/lib" -cpu-arch=PPC64LE "tmp/CMakeCUDACompilerId.o"  -o "tmp/a_dlink.sm_30.cubin"]
    ignoring nvlink line
  considering line: [fatbinary --create="tmp/a_dlink.fatbin" -64 -link "--image=profile=sm_30,file=tmp/a_dlink.sm_30.cubin" --embedded-fatbin="tmp/a_dlink.fatbin.c" ]
  considering line: [gcc -std=c++14 -c -x c++ -DFATBINFILE="\"tmp/a_dlink.fatbin.c\"" -DREGISTERLINKBINARYFILE="\"tmp/a_dlink.reg.c\"" -I. -D__NV_EXTRA_INITIALIZATION= -D__NV_EXTRA_FINALIZATION=  "-I/usr/local/cuda-9.1/bin/../targets/ppc64le-linux/include"   -D"__CUDACC_VER_BUILD__=85" -D"__CUDACC_VER_MINOR__=1" -D"__CUDACC_VER_MAJOR__=9" -o "tmp/a_dlink.o" "/usr/local/cuda-9.1/bin/crt/link.stub" ]
  considering line: [g++ -o "a.out" -std=c++14 -Wl,--start-group "tmp/a_dlink.o" "tmp/CMakeCUDACompilerId.o"   "-L/usr/local/cuda-9.1/bin/../targets/ppc64le-linux/lib/stubs" "-L/usr/local/cuda-9.1/bin/../targets/ppc64le-linux/lib" -lcudadevrt  -lcudart_static  -lrt -lpthread  -ldl  -Wl,--end-group ]
    extracted link line: [g++ -o "a.out" -std=c++14 -Wl,--start-group "tmp/a_dlink.o" "tmp/CMakeCUDACompilerId.o"   "-L/usr/local/cuda-9.1/bin/../targets/ppc64le-linux/lib/stubs" "-L/usr/local/cuda-9.1/bin/../targets/ppc64le-linux/lib" -lcudadevrt  -lcudart_static  -lrt -lpthread  -ldl  -Wl,--end-group ]
  considering line: []
  extracted link launcher name: [g++]
  found link launcher absolute path: [/apps/GCC/6.4.0/bin/g++]
  found 'INCLUDES=' string: ["-I/usr/local/cuda-9.1/bin/../targets/ppc64le-linux/include"  ]

  link line regex: [^( *|.*[/\])(ld|CMAKE_LINK_STARTFILE-NOTFOUND|([^/\]+-)?ld|collect2)[^/\]*( |$)]
  link line: [cuda-fake-ld g++ -o "a.out" -std=c++14 -Wl,--start-group "tmp/a_dlink.o" "tmp/CMakeCUDACompilerId.o"   "-L/usr/local/cuda-9.1/bin/../targets/ppc64le-linux/lib/stubs" "-L/usr/local/cuda-9.1/bin/../targets/ppc64le-linux/lib" -lcudadevrt  -lcudart_static  -lrt -lpthread  -ldl  -Wl,--end-group ]
    arg [cuda-fake-ld] ==> ignore
    arg [g++] ==> ignore
    arg [-o] ==> ignore
    arg [a.out] ==> ignore
    arg [-std=c++14] ==> ignore
    arg [-Wl,--start-group] ==> ignore
    arg [tmp/a_dlink.o] ==> ignore
    arg [tmp/CMakeCUDACompilerId.o] ==> ignore
    arg [-L/usr/local/cuda-9.1/bin/../targets/ppc64le-linux/lib/stubs] ==> dir [/usr/local/cuda-9.1/bin/../targets/ppc64le-linux/lib/stubs]
    arg [-L/usr/local/cuda-9.1/bin/../targets/ppc64le-linux/lib] ==> dir [/usr/local/cuda-9.1/bin/../targets/ppc64le-linux/lib]
    arg [-lcudadevrt] ==> lib [cudadevrt]
    arg [-lcudart_static] ==> lib [cudart_static]
    arg [-lrt] ==> lib [rt]
    arg [-lpthread] ==> lib [pthread]
    arg [-ldl] ==> lib [dl]
    arg [-Wl,--end-group] ==> ignore
  collapse library dir [/usr/local/cuda-9.1/bin/../targets/ppc64le-linux/lib/stubs] ==> [/usr/local/cuda-9.1/targets/ppc64le-linux/lib/stubs]
  collapse library dir [/usr/local/cuda-9.1/bin/../targets/ppc64le-linux/lib] ==> [/usr/local/cuda-9.1/targets/ppc64le-linux/lib]
  implicit libs: [cudadevrt;cudart_static;rt;pthread;dl]
  implicit dirs: [/usr/local/cuda-9.1/targets/ppc64le-linux/lib/stubs;/usr/local/cuda-9.1/targets/ppc64le-linux/lib]
  implicit fwks: []


Determining if the CXX compiler works passed with the following output:
Change Dir: /home/nct01/nct01051/pumps_cuda_22/gather/build/CMakeFiles/CMakeTmp

Run Build Command:"/usr/bin/gmake" "cmTC_58a44/fast"
/usr/bin/gmake -f CMakeFiles/cmTC_58a44.dir/build.make CMakeFiles/cmTC_58a44.dir/build
gmake[1]: Entering directory `/gpfs/home/nct01/nct01051/pumps_cuda_22/gather/build/CMakeFiles/CMakeTmp'
Building CXX object CMakeFiles/cmTC_58a44.dir/testCXXCompiler.cxx.o
/apps/GCC/6.4.0/bin/g++     -o CMakeFiles/cmTC_58a44.dir/testCXXCompiler.cxx.o -c /home/nct01/nct01051/pumps_cuda_22/gather/build/CMakeFiles/CMakeTmp/testCXXCompiler.cxx
Linking CXX executable cmTC_58a44
/gpfs/apps/POWER9/CMAKE/3.11.1/bin/cmake -E cmake_link_script CMakeFiles/cmTC_58a44.dir/link.txt --verbose=1
/apps/GCC/6.4.0/bin/g++       CMakeFiles/cmTC_58a44.dir/testCXXCompiler.cxx.o  -o cmTC_58a44 
gmake[1]: Leaving directory `/gpfs/home/nct01/nct01051/pumps_cuda_22/gather/build/CMakeFiles/CMakeTmp'


Detecting CXX compiler ABI info compiled with the following output:
Change Dir: /home/nct01/nct01051/pumps_cuda_22/gather/build/CMakeFiles/CMakeTmp

Run Build Command:"/usr/bin/gmake" "cmTC_26c88/fast"
/usr/bin/gmake -f CMakeFiles/cmTC_26c88.dir/build.make CMakeFiles/cmTC_26c88.dir/build
gmake[1]: Entering directory `/gpfs/home/nct01/nct01051/pumps_cuda_22/gather/build/CMakeFiles/CMakeTmp'
Building CXX object CMakeFiles/cmTC_26c88.dir/CMakeCXXCompilerABI.cpp.o
/apps/GCC/6.4.0/bin/g++     -o CMakeFiles/cmTC_26c88.dir/CMakeCXXCompilerABI.cpp.o -c /gpfs/apps/POWER9/CMAKE/3.11.1/share/cmake-3.11/Modules/CMakeCXXCompilerABI.cpp
Linking CXX executable cmTC_26c88
/gpfs/apps/POWER9/CMAKE/3.11.1/bin/cmake -E cmake_link_script CMakeFiles/cmTC_26c88.dir/link.txt --verbose=1
/apps/GCC/6.4.0/bin/g++      -v CMakeFiles/cmTC_26c88.dir/CMakeCXXCompilerABI.cpp.o  -o cmTC_26c88 
Using built-in specs.
COLLECT_GCC=/apps/GCC/6.4.0/bin/g++
COLLECT_LTO_WRAPPER=/gpfs/apps/POWER9/GCC/6.4.0/bin/../libexec/gcc/ppc64le-redhat-linux/6.4.0/lto-wrapper
Target: ppc64le-redhat-linux
Configured with: ../configure --prefix=/apps/GCC/6.4.0 --enable-bootstrap --enable-shared --enable-threads=posix --enable-checking=release --with-system-zlib --enable-__cxa_atexit --disable-libunwind-exceptions --enable-gnu-unique-object --enable-linker-build-id --with-linker-hash-style=gnu --enable-languages=c,c++,objc,obj-c++,fortran,ada,go,lto --enable-plugin --enable-initfini-array --disable-libgcj --with-isl --enable-gnu-indirect-function --enable-secureplt --with-long-double-128 --enable-targets=powerpcle-linux --disable-multilib --with-cpu-64=power9 --with-tune-64=power9 --build=ppc64le-redhat-linux --enable-ld --enable-libstdcxx-allocator=new --disable-libstdcxx-pch --enable-linux-futex --enable-lto --enable-plugin --enable-libada --enable-libssp
Thread model: posix
gcc version 6.4.0 (GCC) 
COMPILER_PATH=/gpfs/apps/POWER9/GCC/6.4.0/bin/../libexec/gcc/ppc64le-redhat-linux/6.4.0/:/gpfs/apps/POWER9/GCC/6.4.0/bin/../libexec/gcc/:/gpfs/apps/POWER9/GCC/6.4.0/bin/../lib/gcc/ppc64le-redhat-linux/6.4.0/../../../../ppc64le-redhat-linux/bin/
LIBRARY_PATH=/gpfs/apps/POWER9/GCC/6.4.0/bin/../lib/gcc/ppc64le-redhat-linux/6.4.0/:/gpfs/apps/POWER9/GCC/6.4.0/bin/../lib/gcc/:/usr/local/cuda-9.1/extras/CUPTI/lib64/../lib64/:/usr/local/cuda-9.1/nvvm/lib64/../lib64/:/gpfs/apps/POWER9/GCC/6.4.0/bin/../lib/gcc/ppc64le-redhat-linux/6.4.0/../../../../lib64/:/lib/../lib64/:/usr/lib/../lib64/:/usr/local/cuda-9.1/extras/CUPTI/lib64/:/usr/local/cuda-9.1/nvvm/lib64/:/usr/local/cuda-9.1/lib64/:/apps/OPENMPI/3.0.0/GCC/lib/:/gpfs/apps/POWER9/GCC/6.4.0/bin/../lib/gcc/ppc64le-redhat-linux/6.4.0/../../../../ppc64le-redhat-linux/lib/:/gpfs/apps/POWER9/GCC/6.4.0/bin/../lib/gcc/ppc64le-redhat-linux/6.4.0/../../../:/lib/:/usr/lib/
COLLECT_GCC_OPTIONS='-v' '-o' 'cmTC_26c88' '-shared-libgcc' '-mtune=power9' '-mcpu=power9'
 /gpfs/apps/POWER9/GCC/6.4.0/bin/../libexec/gcc/ppc64le-redhat-linux/6.4.0/collect2 -plugin /gpfs/apps/POWER9/GCC/6.4.0/bin/../libexec/gcc/ppc64le-redhat-linux/6.4.0/liblto_plugin.so -plugin-opt=/gpfs/apps/POWER9/GCC/6.4.0/bin/../libexec/gcc/ppc64le-redhat-linux/6.4.0/lto-wrapper -plugin-opt=-fresolution=/tmp/cc3wOKgs.res -plugin-opt=-pass-through=-lgcc_s -plugin-opt=-pass-through=-lgcc -plugin-opt=-pass-through=-lc -plugin-opt=-pass-through=-lgcc_s -plugin-opt=-pass-through=-lgcc --build-id --eh-frame-hdr --hash-style=gnu -V -m elf64lppc -dynamic-linker /lib64/ld64.so.2 -o cmTC_26c88 /lib/../lib64/crt1.o /lib/../lib64/crti.o /gpfs/apps/POWER9/GCC/6.4.0/bin/../lib/gcc/ppc64le-redhat-linux/6.4.0/crtbegin.o -L/gpfs/apps/POWER9/GCC/6.4.0/bin/../lib/gcc/ppc64le-redhat-linux/6.4.0 -L/gpfs/apps/POWER9/GCC/6.4.0/bin/../lib/gcc -L/usr/local/cuda-9.1/extras/CUPTI/lib64/../lib64 -L/usr/local/cuda-9.1/nvvm/lib64/../lib64 -L/gpfs/apps/POWER9/GCC/6.4.0/bin/../lib/gcc/ppc64le-redhat-linux/6.4.0/../../../../lib64 -L/lib/../lib64 -L/usr/lib/../lib64 -L/usr/local/cuda-9.1/extras/CUPTI/lib64 -L/usr/local/cuda-9.1/nvvm/lib64 -L/usr/local/cuda-9.1/lib64 -L/apps/OPENMPI/3.0.0/GCC/lib -L/gpfs/apps/POWER9/GCC/6.4.0/bin/../lib/gcc/ppc64le-redhat-linux/6.4.0/../../../../ppc64le-redhat-linux/lib -L/gpfs/apps/POWER9/GCC/6.4.0/bin/../lib/gcc/ppc64le-redhat-linux/6.4.0/../../.. CMakeFiles/cmTC_26c88.dir/CMakeCXXCompilerABI.cpp.o -lstdc++ -lm -lgcc_s -lgcc -lc -lgcc_s -lgcc /gpfs/apps/POWER9/GCC/6.4.0/bin/../lib/gcc/ppc64le-redhat-linux/6.4.0/crtend.o /lib/../lib64/crtn.o
GNU ld (GNU Binutils) 2.30
  Supported emulations:
   elf64lppc
   elf32lppc
   elf32lppclinux
   elf32lppcsim
   elf64ppc
   elf32ppc
   elf32ppclinux
   elf32ppcsim
COLLECT_GCC_OPTIONS='-v' '-o' 'cmTC_26c88' '-shared-libgcc' '-mtune=power9' '-mcpu=power9'
gmake[1]: Leaving directory `/gpfs/home/nct01/nct01051/pumps_cuda_22/gather/build/CMakeFiles/CMakeTmp'


Parsed CXX implicit link information from above output:
  link line regex: [^( *|.*[/\])(ld|CMAKE_LINK_STARTFILE-NOTFOUND|([^/\]+-)?ld|collect2)[^/\]*( |$)]
  ignore line: [Change Dir: /home/nct01/nct01051/pumps_cuda_22/gather/build/CMakeFiles/CMakeTmp]
  ignore line: []
  ignore line: [Run Build Command:"/usr/bin/gmake" "cmTC_26c88/fast"]
  ignore line: [/usr/bin/gmake -f CMakeFiles/cmTC_26c88.dir/build.make CMakeFiles/cmTC_26c88.dir/build]
  ignore line: [gmake[1]: Entering directory `/gpfs/home/nct01/nct01051/pumps_cuda_22/gather/build/CMakeFiles/CMakeTmp']
  ignore line: [Building CXX object CMakeFiles/cmTC_26c88.dir/CMakeCXXCompilerABI.cpp.o]
  ignore line: [/apps/GCC/6.4.0/bin/g++     -o CMakeFiles/cmTC_26c88.dir/CMakeCXXCompilerABI.cpp.o -c /gpfs/apps/POWER9/CMAKE/3.11.1/share/cmake-3.11/Modules/CMakeCXXCompilerABI.cpp]
  ignore line: [Linking CXX executable cmTC_26c88]
  ignore line: [/gpfs/apps/POWER9/CMAKE/3.11.1/bin/cmake -E cmake_link_script CMakeFiles/cmTC_26c88.dir/link.txt --verbose=1]
  ignore line: [/apps/GCC/6.4.0/bin/g++      -v CMakeFiles/cmTC_26c88.dir/CMakeCXXCompilerABI.cpp.o  -o cmTC_26c88 ]
  ignore line: [Using built-in specs.]
  ignore line: [COLLECT_GCC=/apps/GCC/6.4.0/bin/g++]
  ignore line: [COLLECT_LTO_WRAPPER=/gpfs/apps/POWER9/GCC/6.4.0/bin/../libexec/gcc/ppc64le-redhat-linux/6.4.0/lto-wrapper]
  ignore line: [Target: ppc64le-redhat-linux]
  ignore line: [Configured with: ../configure --prefix=/apps/GCC/6.4.0 --enable-bootstrap --enable-shared --enable-threads=posix --enable-checking=release --with-system-zlib --enable-__cxa_atexit --disable-libunwind-exceptions --enable-gnu-unique-object --enable-linker-build-id --with-linker-hash-style=gnu --enable-languages=c,c++,objc,obj-c++,fortran,ada,go,lto --enable-plugin --enable-initfini-array --disable-libgcj --with-isl --enable-gnu-indirect-function --enable-secureplt --with-long-double-128 --enable-targets=powerpcle-linux --disable-multilib --with-cpu-64=power9 --with-tune-64=power9 --build=ppc64le-redhat-linux --enable-ld --enable-libstdcxx-allocator=new --disable-libstdcxx-pch --enable-linux-futex --enable-lto --enable-plugin --enable-libada --enable-libssp]
  ignore line: [Thread model: posix]
  ignore line: [gcc version 6.4.0 (GCC) ]
  ignore line: [COMPILER_PATH=/gpfs/apps/POWER9/GCC/6.4.0/bin/../libexec/gcc/ppc64le-redhat-linux/6.4.0/:/gpfs/apps/POWER9/GCC/6.4.0/bin/../libexec/gcc/:/gpfs/apps/POWER9/GCC/6.4.0/bin/../lib/gcc/ppc64le-redhat-linux/6.4.0/../../../../ppc64le-redhat-linux/bin/]
  ignore line: [LIBRARY_PATH=/gpfs/apps/POWER9/GCC/6.4.0/bin/../lib/gcc/ppc64le-redhat-linux/6.4.0/:/gpfs/apps/POWER9/GCC/6.4.0/bin/../lib/gcc/:/usr/local/cuda-9.1/extras/CUPTI/lib64/../lib64/:/usr/local/cuda-9.1/nvvm/lib64/../lib64/:/gpfs/apps/POWER9/GCC/6.4.0/bin/../lib/gcc/ppc64le-redhat-linux/6.4.0/../../../../lib64/:/lib/../lib64/:/usr/lib/../lib64/:/usr/local/cuda-9.1/extras/CUPTI/lib64/:/usr/local/cuda-9.1/nvvm/lib64/:/usr/local/cuda-9.1/lib64/:/apps/OPENMPI/3.0.0/GCC/lib/:/gpfs/apps/POWER9/GCC/6.4.0/bin/../lib/gcc/ppc64le-redhat-linux/6.4.0/../../../../ppc64le-redhat-linux/lib/:/gpfs/apps/POWER9/GCC/6.4.0/bin/../lib/gcc/ppc64le-redhat-linux/6.4.0/../../../:/lib/:/usr/lib/]
  ignore line: [COLLECT_GCC_OPTIONS='-v' '-o' 'cmTC_26c88' '-shared-libgcc' '-mtune=power9' '-mcpu=power9']
  link line: [ /gpfs/apps/POWER9/GCC/6.4.0/bin/../libexec/gcc/ppc64le-redhat-linux/6.4.0/collect2 -plugin /gpfs/apps/POWER9/GCC/6.4.0/bin/../libexec/gcc/ppc64le-redhat-linux/6.4.0/liblto_plugin.so -plugin-opt=/gpfs/apps/POWER9/GCC/6.4.0/bin/../libexec/gcc/ppc64le-redhat-linux/6.4.0/lto-wrapper -plugin-opt=-fresolution=/tmp/cc3wOKgs.res -plugin-opt=-pass-through=-lgcc_s -plugin-opt=-pass-through=-lgcc -plugin-opt=-pass-through=-lc -plugin-opt=-pass-through=-lgcc_s -plugin-opt=-pass-through=-lgcc --build-id --eh-frame-hdr --hash-style=gnu -V -m elf64lppc -dynamic-linker /lib64/ld64.so.2 -o cmTC_26c88 /lib/../lib64/crt1.o /lib/../lib64/crti.o /gpfs/apps/POWER9/GCC/6.4.0/bin/../lib/gcc/ppc64le-redhat-linux/6.4.0/crtbegin.o -L/gpfs/apps/POWER9/GCC/6.4.0/bin/../lib/gcc/ppc64le-redhat-linux/6.4.0 -L/gpfs/apps/POWER9/GCC/6.4.0/bin/../lib/gcc -L/usr/local/cuda-9.1/extras/CUPTI/lib64/../lib64 -L/usr/local/cuda-9.1/nvvm/lib64/../lib64 -L/gpfs/apps/POWER9/GCC/6.4.0/bin/../lib/gcc/ppc64le-redhat-linux/6.4.0/../../../../lib64 -L/lib/../lib64 -L/usr/lib/../lib64 -L/usr/local/cuda-9.1/extras/CUPTI/lib64 -L/usr/local/cuda-9.1/nvvm/lib64 -L/usr/local/cuda-9.1/lib64 -L/apps/OPENMPI/3.0.0/GCC/lib -L/gpfs/apps/POWER9/GCC/6.4.0/bin/../lib/gcc/ppc64le-redhat-linux/6.4.0/../../../../ppc64le-redhat-linux/lib -L/gpfs/apps/POWER9/GCC/6.4.0/bin/../lib/gcc/ppc64le-redhat-linux/6.4.0/../../.. CMakeFiles/cmTC_26c88.dir/CMakeCXXCompilerABI.cpp.o -lstdc++ -lm -lgcc_s -lgcc -lc -lgcc_s -lgcc /gpfs/apps/POWER9/GCC/6.4.0/bin/../lib/gcc/ppc64le-redhat-linux/6.4.0/crtend.o /lib/../lib64/crtn.o]
    arg [/gpfs/apps/POWER9/GCC/6.4.0/bin/../libexec/gcc/ppc64le-redhat-linux/6.4.0/collect2] ==> ignore
    arg [-plugin] ==> ignore
    arg [/gpfs/apps/POWER9/GCC/6.4.0/bin/../libexec/gcc/ppc64le-redhat-linux/6.4.0/liblto_plugin.so] ==> ignore
    arg [-plugin-opt=/gpfs/apps/POWER9/GCC/6.4.0/bin/../libexec/gcc/ppc64le-redhat-linux/6.4.0/lto-wrapper] ==> ignore
    arg [-plugin-opt=-fresolution=/tmp/cc3wOKgs.res] ==> ignore
    arg [-plugin-opt=-pass-through=-lgcc_s] ==> ignore
    arg [-plugin-opt=-pass-through=-lgcc] ==> ignore
    arg [-plugin-opt=-pass-through=-lc] ==> ignore
    arg [-plugin-opt=-pass-through=-lgcc_s] ==> ignore
    arg [-plugin-opt=-pass-through=-lgcc] ==> ignore
    arg [--build-id] ==> ignore
    arg [--eh-frame-hdr] ==> ignore
    arg [--hash-style=gnu] ==> ignore
    arg [-V] ==> ignore
    arg [-m] ==> ignore
    arg [elf64lppc] ==> ignore
    arg [-dynamic-linker] ==> ignore
    arg [/lib64/ld64.so.2] ==> ignore
    arg [-o] ==> ignore
    arg [cmTC_26c88] ==> ignore
    arg [/lib/../lib64/crt1.o] ==> ignore
    arg [/lib/../lib64/crti.o] ==> ignore
    arg [/gpfs/apps/POWER9/GCC/6.4.0/bin/../lib/gcc/ppc64le-redhat-linux/6.4.0/crtbegin.o] ==> ignore
    arg [-L/gpfs/apps/POWER9/GCC/6.4.0/bin/../lib/gcc/ppc64le-redhat-linux/6.4.0] ==> dir [/gpfs/apps/POWER9/GCC/6.4.0/bin/../lib/gcc/ppc64le-redhat-linux/6.4.0]
    arg [-L/gpfs/apps/POWER9/GCC/6.4.0/bin/../lib/gcc] ==> dir [/gpfs/apps/POWER9/GCC/6.4.0/bin/../lib/gcc]
    arg [-L/usr/local/cuda-9.1/extras/CUPTI/lib64/../lib64] ==> dir [/usr/local/cuda-9.1/extras/CUPTI/lib64/../lib64]
    arg [-L/usr/local/cuda-9.1/nvvm/lib64/../lib64] ==> dir [/usr/local/cuda-9.1/nvvm/lib64/../lib64]
    arg [-L/gpfs/apps/POWER9/GCC/6.4.0/bin/../lib/gcc/ppc64le-redhat-linux/6.4.0/../../../../lib64] ==> dir [/gpfs/apps/POWER9/GCC/6.4.0/bin/../lib/gcc/ppc64le-redhat-linux/6.4.0/../../../../lib64]
    arg [-L/lib/../lib64] ==> dir [/lib/../lib64]
    arg [-L/usr/lib/../lib64] ==> dir [/usr/lib/../lib64]
    arg [-L/usr/local/cuda-9.1/extras/CUPTI/lib64] ==> dir [/usr/local/cuda-9.1/extras/CUPTI/lib64]
    arg [-L/usr/local/cuda-9.1/nvvm/lib64] ==> dir [/usr/local/cuda-9.1/nvvm/lib64]
    arg [-L/usr/local/cuda-9.1/lib64] ==> dir [/usr/local/cuda-9.1/lib64]
    arg [-L/apps/OPENMPI/3.0.0/GCC/lib] ==> dir [/apps/OPENMPI/3.0.0/GCC/lib]
    arg [-L/gpfs/apps/POWER9/GCC/6.4.0/bin/../lib/gcc/ppc64le-redhat-linux/6.4.0/../../../../ppc64le-redhat-linux/lib] ==> dir [/gpfs/apps/POWER9/GCC/6.4.0/bin/../lib/gcc/ppc64le-redhat-linux/6.4.0/../../../../ppc64le-redhat-linux/lib]
    arg [-L/gpfs/apps/POWER9/GCC/6.4.0/bin/../lib/gcc/ppc64le-redhat-linux/6.4.0/../../..] ==> dir [/gpfs/apps/POWER9/GCC/6.4.0/bin/../lib/gcc/ppc64le-redhat-linux/6.4.0/../../..]
    arg [CMakeFiles/cmTC_26c88.dir/CMakeCXXCompilerABI.cpp.o] ==> ignore
    arg [-lstdc++] ==> lib [stdc++]
    arg [-lm] ==> lib [m]
    arg [-lgcc_s] ==> lib [gcc_s]
    arg [-lgcc] ==> lib [gcc]
    arg [-lc] ==> lib [c]
    arg [-lgcc_s] ==> lib [gcc_s]
    arg [-lgcc] ==> lib [gcc]
    arg [/gpfs/apps/POWER9/GCC/6.4.0/bin/../lib/gcc/ppc64le-redhat-linux/6.4.0/crtend.o] ==> ignore
    arg [/lib/../lib64/crtn.o] ==> ignore
  collapse library dir [/gpfs/apps/POWER9/GCC/6.4.0/bin/../lib/gcc/ppc64le-redhat-linux/6.4.0] ==> [/gpfs/apps/POWER9/GCC/6.4.0/lib/gcc/ppc64le-redhat-linux/6.4.0]
  collapse library dir [/gpfs/apps/POWER9/GCC/6.4.0/bin/../lib/gcc] ==> [/gpfs/apps/POWER9/GCC/6.4.0/lib/gcc]
  collapse library dir [/usr/local/cuda-9.1/extras/CUPTI/lib64/../lib64] ==> [/usr/local/cuda-9.1/extras/CUPTI/lib64]
  collapse library dir [/usr/local/cuda-9.1/nvvm/lib64/../lib64] ==> [/usr/local/cuda-9.1/nvvm/lib64]
  collapse library dir [/gpfs/apps/POWER9/GCC/6.4.0/bin/../lib/gcc/ppc64le-redhat-linux/6.4.0/../../../../lib64] ==> [/gpfs/apps/POWER9/GCC/6.4.0/lib64]
  collapse library dir [/lib/../lib64] ==> [/lib64]
  collapse library dir [/usr/lib/../lib64] ==> [/usr/lib64]
  collapse library dir [/usr/local/cuda-9.1/extras/CUPTI/lib64] ==> [/usr/local/cuda-9.1/extras/CUPTI/lib64]
  collapse library dir [/usr/local/cuda-9.1/nvvm/lib64] ==> [/usr/local/cuda-9.1/nvvm/lib64]
  collapse library dir [/usr/local/cuda-9.1/lib64] ==> [/usr/local/cuda-9.1/lib64]
  collapse library dir [/apps/OPENMPI/3.0.0/GCC/lib] ==> [/apps/OPENMPI/3.0.0/GCC/lib]
  collapse library dir [/gpfs/apps/POWER9/GCC/6.4.0/bin/../lib/gcc/ppc64le-redhat-linux/6.4.0/../../../../ppc64le-redhat-linux/lib] ==> [/gpfs/apps/POWER9/GCC/6.4.0/ppc64le-redhat-linux/lib]
  collapse library dir [/gpfs/apps/POWER9/GCC/6.4.0/bin/../lib/gcc/ppc64le-redhat-linux/6.4.0/../../..] ==> [/gpfs/apps/POWER9/GCC/6.4.0/lib]
  implicit libs: [stdc++;m;gcc_s;gcc;c;gcc_s;gcc]
  implicit dirs: [/gpfs/apps/POWER9/GCC/6.4.0/lib/gcc/ppc64le-redhat-linux/6.4.0;/gpfs/apps/POWER9/GCC/6.4.0/lib/gcc;/usr/local/cuda-9.1/extras/CUPTI/lib64;/usr/local/cuda-9.1/nvvm/lib64;/gpfs/apps/POWER9/GCC/6.4.0/lib64;/lib64;/usr/lib64;/usr/local/cuda-9.1/lib64;/apps/OPENMPI/3.0.0/GCC/lib;/gpfs/apps/POWER9/GCC/6.4.0/ppc64le-redhat-linux/lib;/gpfs/apps/POWER9/GCC/6.4.0/lib]
  implicit fwks: []




Detecting CXX [-std=c++1z] compiler features compiled with the following output:
Change Dir: /home/nct01/nct01051/pumps_cuda_22/gather/build/CMakeFiles/CMakeTmp

Run Build Command:"/usr/bin/gmake" "cmTC_d9ea4/fast"
/usr/bin/gmake -f CMakeFiles/cmTC_d9ea4.dir/build.make CMakeFiles/cmTC_d9ea4.dir/build
gmake[1]: Entering directory `/gpfs/home/nct01/nct01051/pumps_cuda_22/gather/build/CMakeFiles/CMakeTmp'
Building CXX object CMakeFiles/cmTC_d9ea4.dir/feature_tests.cxx.o
/apps/GCC/6.4.0/bin/g++    -std=c++1z -o CMakeFiles/cmTC_d9ea4.dir/feature_tests.cxx.o -c /home/nct01/nct01051/pumps_cuda_22/gather/build/CMakeFiles/feature_tests.cxx
Linking CXX executable cmTC_d9ea4
/gpfs/apps/POWER9/CMAKE/3.11.1/bin/cmake -E cmake_link_script CMakeFiles/cmTC_d9ea4.dir/link.txt --verbose=1
/apps/GCC/6.4.0/bin/g++       CMakeFiles/cmTC_d9ea4.dir/feature_tests.cxx.o  -o cmTC_d9ea4 
gmake[1]: Leaving directory `/gpfs/home/nct01/nct01051/pumps_cuda_22/gather/build/CMakeFiles/CMakeTmp'


    Feature record: CXX_FEATURE:1cxx_aggregate_default_initializers
    Feature record: CXX_FEATURE:1cxx_alias_templates
    Feature record: CXX_FEATURE:1cxx_alignas
    Feature record: CXX_FEATURE:1cxx_alignof
    Feature record: CXX_FEATURE:1cxx_attributes
    Feature record: CXX_FEATURE:1cxx_attribute_deprecated
    Feature record: CXX_FEATURE:1cxx_auto_type
    Feature record: CXX_FEATURE:1cxx_binary_literals
    Feature record: CXX_FEATURE:1cxx_constexpr
    Feature record: CXX_FEATURE:1cxx_contextual_conversions
    Feature record: CXX_FEATURE:1cxx_decltype
    Feature record: CXX_FEATURE:1cxx_decltype_auto
    Feature record: CXX_FEATURE:1cxx_decltype_incomplete_return_types
    Feature record: CXX_FEATURE:1cxx_default_function_template_args
    Feature record: CXX_FEATURE:1cxx_defaulted_functions
    Feature record: CXX_FEATURE:1cxx_defaulted_move_initializers
    Feature record: CXX_FEATURE:1cxx_delegating_constructors
    Feature record: CXX_FEATURE:1cxx_deleted_functions
    Feature record: CXX_FEATURE:1cxx_digit_separators
    Feature record: CXX_FEATURE:1cxx_enum_forward_declarations
    Feature record: CXX_FEATURE:1cxx_explicit_conversions
    Feature record: CXX_FEATURE:1cxx_extended_friend_declarations
    Feature record: CXX_FEATURE:1cxx_extern_templates
    Feature record: CXX_FEATURE:1cxx_final
    Feature record: CXX_FEATURE:1cxx_func_identifier
    Feature record: CXX_FEATURE:1cxx_generalized_initializers
    Feature record: CXX_FEATURE:1cxx_generic_lambdas
    Feature record: CXX_FEATURE:1cxx_inheriting_constructors
    Feature record: CXX_FEATURE:1cxx_inline_namespaces
    Feature record: CXX_FEATURE:1cxx_lambdas
    Feature record: CXX_FEATURE:1cxx_lambda_init_captures
    Feature record: CXX_FEATURE:1cxx_local_type_template_args
    Feature record: CXX_FEATURE:1cxx_long_long_type
    Feature record: CXX_FEATURE:1cxx_noexcept
    Feature record: CXX_FEATURE:1cxx_nonstatic_member_init
    Feature record: CXX_FEATURE:1cxx_nullptr
    Feature record: CXX_FEATURE:1cxx_override
    Feature record: CXX_FEATURE:1cxx_range_for
    Feature record: CXX_FEATURE:1cxx_raw_string_literals
    Feature record: CXX_FEATURE:1cxx_reference_qualified_functions
    Feature record: CXX_FEATURE:1cxx_relaxed_constexpr
    Feature record: CXX_FEATURE:1cxx_return_type_deduction
    Feature record: CXX_FEATURE:1cxx_right_angle_brackets
    Feature record: CXX_FEATURE:1cxx_rvalue_references
    Feature record: CXX_FEATURE:1cxx_sizeof_member
    Feature record: CXX_FEATURE:1cxx_static_assert
    Feature record: CXX_FEATURE:1cxx_strong_enums
    Feature record: CXX_FEATURE:1cxx_template_template_parameters
    Feature record: CXX_FEATURE:1cxx_thread_local
    Feature record: CXX_FEATURE:1cxx_trailing_return_types
    Feature record: CXX_FEATURE:1cxx_unicode_literals
    Feature record: CXX_FEATURE:1cxx_uniform_initialization
    Feature record: CXX_FEATURE:1cxx_unrestricted_unions
    Feature record: CXX_FEATURE:1cxx_user_literals
    Feature record: CXX_FEATURE:1cxx_variable_templates
    Feature record: CXX_FEATURE:1cxx_variadic_macros
    Feature record: CXX_FEATURE:1cxx_variadic_templates


Detecting CXX [-std=c++14] compiler features compiled with the following output:
Change Dir: /home/nct01/nct01051/pumps_cuda_22/gather/build/CMakeFiles/CMakeTmp

Run Build Command:"/usr/bin/gmake" "cmTC_2cfae/fast"
/usr/bin/gmake -f CMakeFiles/cmTC_2cfae.dir/build.make CMakeFiles/cmTC_2cfae.dir/build
gmake[1]: Entering directory `/gpfs/home/nct01/nct01051/pumps_cuda_22/gather/build/CMakeFiles/CMakeTmp'
Building CXX object CMakeFiles/cmTC_2cfae.dir/feature_tests.cxx.o
/apps/GCC/6.4.0/bin/g++    -std=c++14 -o CMakeFiles/cmTC_2cfae.dir/feature_tests.cxx.o -c /home/nct01/nct01051/pumps_cuda_22/gather/build/CMakeFiles/feature_tests.cxx
Linking CXX executable cmTC_2cfae
/gpfs/apps/POWER9/CMAKE/3.11.1/bin/cmake -E cmake_link_script CMakeFiles/cmTC_2cfae.dir/link.txt --verbose=1
/apps/GCC/6.4.0/bin/g++       CMakeFiles/cmTC_2cfae.dir/feature_tests.cxx.o  -o cmTC_2cfae 
gmake[1]: Leaving directory `/gpfs/home/nct01/nct01051/pumps_cuda_22/gather/build/CMakeFiles/CMakeTmp'


    Feature record: CXX_FEATURE:1cxx_aggregate_default_initializers
    Feature record: CXX_FEATURE:1cxx_alias_templates
    Feature record: CXX_FEATURE:1cxx_alignas
    Feature record: CXX_FEATURE:1cxx_alignof
    Feature record: CXX_FEATURE:1cxx_attributes
    Feature record: CXX_FEATURE:1cxx_attribute_deprecated
    Feature record: CXX_FEATURE:1cxx_auto_type
    Feature record: CXX_FEATURE:1cxx_binary_literals
    Feature record: CXX_FEATURE:1cxx_constexpr
    Feature record: CXX_FEATURE:1cxx_contextual_conversions
    Feature record: CXX_FEATURE:1cxx_decltype
    Feature record: CXX_FEATURE:1cxx_decltype_auto
    Feature record: CXX_FEATURE:1cxx_decltype_incomplete_return_types
    Feature record: CXX_FEATURE:1cxx_default_function_template_args
    Feature record: CXX_FEATURE:1cxx_defaulted_functions
    Feature record: CXX_FEATURE:1cxx_defaulted_move_initializers
    Feature record: CXX_FEATURE:1cxx_delegating_constructors
    Feature record: CXX_FEATURE:1cxx_deleted_functions
    Feature record: CXX_FEATURE:1cxx_digit_separators
    Feature record: CXX_FEATURE:1cxx_enum_forward_declarations
    Feature record: CXX_FEATURE:1cxx_explicit_conversions
    Feature record: CXX_FEATURE:1cxx_extended_friend_declarations
    Feature record: CXX_FEATURE:1cxx_extern_templates
    Feature record: CXX_FEATURE:1cxx_final
    Feature record: CXX_FEATURE:1cxx_func_identifier
    Feature record: CXX_FEATURE:1cxx_generalized_initializers
    Feature record: CXX_FEATURE:1cxx_generic_lambdas
    Feature record: CXX_FEATURE:1cxx_inheriting_constructors
    Feature record: CXX_FEATURE:1cxx_inline_namespaces
    Feature record: CXX_FEATURE:1cxx_lambdas
    Feature record: CXX_FEATURE:1cxx_lambda_init_captures
    Feature record: CXX_FEATURE:1cxx_local_type_template_args
    Feature record: CXX_FEATURE:1cxx_long_long_type
    Feature record: CXX_FEATURE:1cxx_noexcept
    Feature record: CXX_FEATURE:1cxx_nonstatic_member_init
    Feature record: CXX_FEATURE:1cxx_nullptr
    Feature record: CXX_FEATURE:1cxx_override
    Feature record: CXX_FEATURE:1cxx_range_for
    Feature record: CXX_FEATURE:1cxx_raw_string_literals
    Feature record: CXX_FEATURE:1cxx_reference_qualified_functions
    Feature record: CXX_FEATURE:1cxx_relaxed_constexpr
    Feature record: CXX_FEATURE:1cxx_return_type_deduction
    Feature record: CXX_FEATURE:1cxx_right_angle_brackets
    Feature record: CXX_FEATURE:1cxx_rvalue_references
    Feature record: CXX_FEATURE:1cxx_sizeof_member
    Feature record: CXX_FEATURE:1cxx_static_assert
    Feature record: CXX_FEATURE:1cxx_strong_enums
    Feature record: CXX_FEATURE:1cxx_template_template_parameters
    Feature record: CXX_FEATURE:1cxx_thread_local
    Feature record: CXX_FEATURE:1cxx_trailing_return_types
    Feature record: CXX_FEATURE:1cxx_unicode_literals
    Feature record: CXX_FEATURE:1cxx_uniform_initialization
    Feature record: CXX_FEATURE:1cxx_unrestricted_unions
    Feature record: CXX_FEATURE:1cxx_user_literals
    Feature record: CXX_FEATURE:1cxx_variable_templates
    Feature record: CXX_FEATURE:1cxx_variadic_macros
    Feature record: CXX_FEATURE:1cxx_variadic_templates


Detecting CXX [-std=c++11] compiler features compiled with the following output:
Change Dir: /home/nct01/nct01051/pumps_cuda_22/gather/build/CMakeFiles/CMakeTmp

Run Build Command:"/usr/bin/gmake" "cmTC_c7866/fast"
/usr/bin/gmake -f CMakeFiles/cmTC_c7866.dir/build.make CMakeFiles/cmTC_c7866.dir/build
gmake[1]: Entering directory `/gpfs/home/nct01/nct01051/pumps_cuda_22/gather/build/CMakeFiles/CMakeTmp'
Building CXX object CMakeFiles/cmTC_c7866.dir/feature_tests.cxx.o
/apps/GCC/6.4.0/bin/g++    -std=c++11 -o CMakeFiles/cmTC_c7866.dir/feature_tests.cxx.o -c /home/nct01/nct01051/pumps_cuda_22/gather/build/CMakeFiles/feature_tests.cxx
Linking CXX executable cmTC_c7866
/gpfs/apps/POWER9/CMAKE/3.11.1/bin/cmake -E cmake_link_script CMakeFiles/cmTC_c7866.dir/link.txt --verbose=1
/apps/GCC/6.4.0/bin/g++       CMakeFiles/cmTC_c7866.dir/feature_tests.cxx.o  -o cmTC_c7866 
gmake[1]: Leaving directory `/gpfs/home/nct01/nct01051/pumps_cuda_22/gather/build/CMakeFiles/CMakeTmp'


    Feature record: CXX_FEATURE:0cxx_aggregate_default_initializers
    Feature record: CXX_FEATURE:1cxx_alias_templates
    Feature record: CXX_FEATURE:1cxx_alignas
    Feature record: CXX_FEATURE:1cxx_alignof
    Feature record: CXX_FEATURE:1cxx_attributes
    Feature record: CXX_FEATURE:0cxx_attribute_deprecated
    Feature record: CXX_FEATURE:1cxx_auto_type
    Feature record: CXX_FEATURE:0cxx_binary_literals
    Feature record: CXX_FEATURE:1cxx_constexpr
    Feature record: CXX_FEATURE:0cxx_contextual_conversions
    Feature record: CXX_FEATURE:1cxx_decltype
    Feature record: CXX_FEATURE:0cxx_decltype_auto
    Feature record: CXX_FEATURE:1cxx_decltype_incomplete_return_types
    Feature record: CXX_FEATURE:1cxx_default_function_template_args
    Feature record: CXX_FEATURE:1cxx_defaulted_functions
    Feature record: CXX_FEATURE:1cxx_defaulted_move_initializers
    Feature record: CXX_FEATURE:1cxx_delegating_constructors
    Feature record: CXX_FEATURE:1cxx_deleted_functions
    Feature record: CXX_FEATURE:0cxx_digit_separators
    Feature record: CXX_FEATURE:1cxx_enum_forward_declarations
    Feature record: CXX_FEATURE:1cxx_explicit_conversions
    Feature record: CXX_FEATURE:1cxx_extended_friend_declarations
    Feature record: CXX_FEATURE:1cxx_extern_templates
    Feature record: CXX_FEATURE:1cxx_final
    Feature record: CXX_FEATURE:1cxx_func_identifier
    Feature record: CXX_FEATURE:1cxx_generalized_initializers
    Feature record: CXX_FEATURE:0cxx_generic_lambdas
    Feature record: CXX_FEATURE:1cxx_inheriting_constructors
    Feature record: CXX_FEATURE:1cxx_inline_namespaces
    Feature record: CXX_FEATURE:1cxx_lambdas
    Feature record: CXX_FEATURE:0cxx_lambda_init_captures
    Feature record: CXX_FEATURE:1cxx_local_type_template_args
    Feature record: CXX_FEATURE:1cxx_long_long_type
    Feature record: CXX_FEATURE:1cxx_noexcept
    Feature record: CXX_FEATURE:1cxx_nonstatic_member_init
    Feature record: CXX_FEATURE:1cxx_nullptr
    Feature record: CXX_FEATURE:1cxx_override
    Feature record: CXX_FEATURE:1cxx_range_for
    Feature record: CXX_FEATURE:1cxx_raw_string_literals
    Feature record: CXX_FEATURE:1cxx_reference_qualified_functions
    Feature record: CXX_FEATURE:0cxx_relaxed_constexpr
    Feature record: CXX_FEATURE:0cxx_return_type_deduction
    Feature record: CXX_FEATURE:1cxx_right_angle_brackets
    Feature record: CXX_FEATURE:1cxx_rvalue_references
    Feature record: CXX_FEATURE:1cxx_sizeof_member
    Feature record: CXX_FEATURE:1cxx_static_assert
    Feature record: CXX_FEATURE:1cxx_strong_enums
    Feature record: CXX_FEATURE:1cxx_template_template_parameters
    Feature record: CXX_FEATURE:1cxx_thread_local
    Feature record: CXX_FEATURE:1cxx_trailing_return_types
    Feature record: CXX_FEATURE:1cxx_unicode_literals
    Feature record: CXX_FEATURE:1cxx_uniform_initialization
    Feature record: CXX_FEATURE:1cxx_unrestricted_unions
    Feature record: CXX_FEATURE:1cxx_user_literals
    Feature record: CXX_FEATURE:0cxx_variable_templates
    Feature record: CXX_FEATURE:1cxx_variadic_macros
    Feature record: CXX_FEATURE:1cxx_variadic_templates


Detecting CXX [-std=c++98] compiler features compiled with the following output:
Change Dir: /home/nct01/nct01051/pumps_cuda_22/gather/build/CMakeFiles/CMakeTmp

Run Build Command:"/usr/bin/gmake" "cmTC_e4319/fast"
/usr/bin/gmake -f CMakeFiles/cmTC_e4319.dir/build.make CMakeFiles/cmTC_e4319.dir/build
gmake[1]: Entering directory `/gpfs/home/nct01/nct01051/pumps_cuda_22/gather/build/CMakeFiles/CMakeTmp'
Building CXX object CMakeFiles/cmTC_e4319.dir/feature_tests.cxx.o
/apps/GCC/6.4.0/bin/g++    -std=c++98 -o CMakeFiles/cmTC_e4319.dir/feature_tests.cxx.o -c /home/nct01/nct01051/pumps_cuda_22/gather/build/CMakeFiles/feature_tests.cxx
Linking CXX executable cmTC_e4319
/gpfs/apps/POWER9/CMAKE/3.11.1/bin/cmake -E cmake_link_script CMakeFiles/cmTC_e4319.dir/link.txt --verbose=1
/apps/GCC/6.4.0/bin/g++       CMakeFiles/cmTC_e4319.dir/feature_tests.cxx.o  -o cmTC_e4319 
gmake[1]: Leaving directory `/gpfs/home/nct01/nct01051/pumps_cuda_22/gather/build/CMakeFiles/CMakeTmp'


    Feature record: CXX_FEATURE:0cxx_aggregate_default_initializers
    Feature record: CXX_FEATURE:0cxx_alias_templates
    Feature record: CXX_FEATURE:0cxx_alignas
    Feature record: CXX_FEATURE:0cxx_alignof
    Feature record: CXX_FEATURE:0cxx_attributes
    Feature record: CXX_FEATURE:0cxx_attribute_deprecated
    Feature record: CXX_FEATURE:0cxx_auto_type
    Feature record: CXX_FEATURE:0cxx_binary_literals
    Feature record: CXX_FEATURE:0cxx_constexpr
    Feature record: CXX_FEATURE:0cxx_contextual_conversions
    Feature record: CXX_FEATURE:0cxx_decltype
    Feature record: CXX_FEATURE:0cxx_decltype_auto
    Feature record: CXX_FEATURE:0cxx_decltype_incomplete_return_types
    Feature record: CXX_FEATURE:0cxx_default_function_template_args
    Feature record: CXX_FEATURE:0cxx_defaulted_functions
    Feature record: CXX_FEATURE:0cxx_defaulted_move_initializers
    Feature record: CXX_FEATURE:0cxx_delegating_constructors
    Feature record: CXX_FEATURE:0cxx_deleted_functions
    Feature record: CXX_FEATURE:0cxx_digit_separators
    Feature record: CXX_FEATURE:0cxx_enum_forward_declarations
    Feature record: CXX_FEATURE:0cxx_explicit_conversions
    Feature record: CXX_FEATURE:0cxx_extended_friend_declarations
    Feature record: CXX_FEATURE:0cxx_extern_templates
    Feature record: CXX_FEATURE:0cxx_final
    Feature record: CXX_FEATURE:0cxx_func_identifier
    Feature record: CXX_FEATURE:0cxx_generalized_initializers
    Feature record: CXX_FEATURE:0cxx_generic_lambdas
    Feature record: CXX_FEATURE:0cxx_inheriting_constructors
    Feature record: CXX_FEATURE:0cxx_inline_namespaces
    Feature record: CXX_FEATURE:0cxx_lambdas
    Feature record: CXX_FEATURE:0cxx_lambda_init_captures
    Feature record: CXX_FEATURE:0cxx_local_type_template_args
    Feature record: CXX_FEATURE:0cxx_long_long_type
    Feature record: CXX_FEATURE:0cxx_noexcept
    Feature record: CXX_FEATURE:0cxx_nonstatic_member_init
    Feature record: CXX_FEATURE:0cxx_nullptr
    Feature record: CXX_FEATURE:0cxx_override
    Feature record: CXX_FEATURE:0cxx_range_for
    Feature record: CXX_FEATURE:0cxx_raw_string_literals
    Feature record: CXX_FEATURE:0cxx_reference_qualified_functions
    Feature record: CXX_FEATURE:0cxx_relaxed_constexpr
    Feature record: CXX_FEATURE:0cxx_return_type_deduction
    Feature record: CXX_FEATURE:0cxx_right_angle_brackets
    Feature record: CXX_FEATURE:0cxx_rvalue_references
    Feature record: CXX_FEATURE:0cxx_sizeof_member
    Feature record: CXX_FEATURE:0cxx_static_assert
    Feature record: CXX_FEATURE:0cxx_strong_enums
    Feature record: CXX_FEATURE:1cxx_template_template_parameters
    Feature record: CXX_FEATURE:0cxx_thread_local
    Feature record: CXX_FEATURE:0cxx_trailing_return_types
    Feature record: CXX_FEATURE:0cxx_unicode_literals
    Feature record: CXX_FEATURE:0cxx_uniform_initialization
    Feature record: CXX_FEATURE:0cxx_unrestricted_unions
    Feature record: CXX_FEATURE:0cxx_user_literals
    Feature record: CXX_FEATURE:0cxx_variable_templates
    Feature record: CXX_FEATURE:0cxx_variadic_macros
    Feature record: CXX_FEATURE:0cxx_variadic_templates
Determining if the CUDA compiler works passed with the following output:
Change Dir: /home/nct01/nct01051/pumps_cuda_22/gather/build/CMakeFiles/CMakeTmp

Run Build Command:"/usr/bin/gmake" "cmTC_99940/fast"
/usr/bin/gmake -f CMakeFiles/cmTC_99940.dir/build.make CMakeFiles/cmTC_99940.dir/build
gmake[1]: Entering directory `/gpfs/home/nct01/nct01051/pumps_cuda_22/gather/build/CMakeFiles/CMakeTmp'
Building CUDA object CMakeFiles/cmTC_99940.dir/main.cu.o
/usr/local/cuda-9.1/bin/nvcc     -x cu -c /home/nct01/nct01051/pumps_cuda_22/gather/build/CMakeFiles/CMakeTmp/main.cu -o CMakeFiles/cmTC_99940.dir/main.cu.o
Linking CUDA device code CMakeFiles/cmTC_99940.dir/cmake_device_link.o
/gpfs/apps/POWER9/CMAKE/3.11.1/bin/cmake -E cmake_link_script CMakeFiles/cmTC_99940.dir/dlink.txt --verbose=1
/usr/local/cuda-9.1/bin/nvcc     -Xcompiler=-fPIC -Wno-deprecated-gpu-targets -shared -dlink CMakeFiles/cmTC_99940.dir/main.cu.o -o CMakeFiles/cmTC_99940.dir/cmake_device_link.o 
Linking CUDA executable cmTC_99940
/gpfs/apps/POWER9/CMAKE/3.11.1/bin/cmake -E cmake_link_script CMakeFiles/cmTC_99940.dir/link.txt --verbose=1
/apps/GCC/6.4.0/bin/g++    CMakeFiles/cmTC_99940.dir/main.cu.o CMakeFiles/cmTC_99940.dir/cmake_device_link.o -o cmTC_99940  -L"/usr/local/cuda-9.1/targets/ppc64le-linux/lib/stubs" -L"/usr/local/cuda-9.1/targets/ppc64le-linux/lib" -lcudadevrt -lcudart_static -lrt -lpthread -ldl
gmake[1]: Leaving directory `/gpfs/home/nct01/nct01051/pumps_cuda_22/gather/build/CMakeFiles/CMakeTmp'


Detecting CUDA compiler ABI info compiled with the following output:
Change Dir: /home/nct01/nct01051/pumps_cuda_22/gather/build/CMakeFiles/CMakeTmp

Run Build Command:"/usr/bin/gmake" "cmTC_2cb54/fast"
/usr/bin/gmake -f CMakeFiles/cmTC_2cb54.dir/build.make CMakeFiles/cmTC_2cb54.dir/build
gmake[1]: Entering directory `/gpfs/home/nct01/nct01051/pumps_cuda_22/gather/build/CMakeFiles/CMakeTmp'
Building CUDA object CMakeFiles/cmTC_2cb54.dir/CMakeCUDACompilerABI.cu.o
/usr/local/cuda-9.1/bin/nvcc     -x cu -c /gpfs/apps/POWER9/CMAKE/3.11.1/share/cmake-3.11/Modules/CMakeCUDACompilerABI.cu -o CMakeFiles/cmTC_2cb54.dir/CMakeCUDACompilerABI.cu.o
Linking CUDA device code CMakeFiles/cmTC_2cb54.dir/cmake_device_link.o
/gpfs/apps/POWER9/CMAKE/3.11.1/bin/cmake -E cmake_link_script CMakeFiles/cmTC_2cb54.dir/dlink.txt --verbose=1
/usr/local/cuda-9.1/bin/nvcc     -Xcompiler=-fPIC -Wno-deprecated-gpu-targets -shared -dlink CMakeFiles/cmTC_2cb54.dir/CMakeCUDACompilerABI.cu.o -o CMakeFiles/cmTC_2cb54.dir/cmake_device_link.o 
Linking CUDA executable cmTC_2cb54
/gpfs/apps/POWER9/CMAKE/3.11.1/bin/cmake -E cmake_link_script CMakeFiles/cmTC_2cb54.dir/link.txt --verbose=1
/apps/GCC/6.4.0/bin/g++   -v CMakeFiles/cmTC_2cb54.dir/CMakeCUDACompilerABI.cu.o CMakeFiles/cmTC_2cb54.dir/cmake_device_link.o -o cmTC_2cb54  -L"/usr/local/cuda-9.1/targets/ppc64le-linux/lib/stubs" -L"/usr/local/cuda-9.1/targets/ppc64le-linux/lib" -lcudadevrt -lcudart_static -lrt -lpthread -ldl
Using built-in specs.
COLLECT_GCC=/apps/GCC/6.4.0/bin/g++
COLLECT_LTO_WRAPPER=/gpfs/apps/POWER9/GCC/6.4.0/bin/../libexec/gcc/ppc64le-redhat-linux/6.4.0/lto-wrapper
Target: ppc64le-redhat-linux
Configured with: ../configure --prefix=/apps/GCC/6.4.0 --enable-bootstrap --enable-shared --enable-threads=posix --enable-checking=release --with-system-zlib --enable-__cxa_atexit --disable-libunwind-exceptions --enable-gnu-unique-object --enable-linker-build-id --with-linker-hash-style=gnu --enable-languages=c,c++,objc,obj-c++,fortran,ada,go,lto --enable-plugin --enable-initfini-array --disable-libgcj --with-isl --enable-gnu-indirect-function --enable-secureplt --with-long-double-128 --enable-targets=powerpcle-linux --disable-multilib --with-cpu-64=power9 --with-tune-64=power9 --build=ppc64le-redhat-linux --enable-ld --enable-libstdcxx-allocator=new --disable-libstdcxx-pch --enable-linux-futex --enable-lto --enable-plugin --enable-libada --enable-libssp
Thread model: posix
gcc version 6.4.0 (GCC) 
COMPILER_PATH=/gpfs/apps/POWER9/GCC/6.4.0/bin/../libexec/gcc/ppc64le-redhat-linux/6.4.0/:/gpfs/apps/POWER9/GCC/6.4.0/bin/../libexec/gcc/:/gpfs/apps/POWER9/GCC/6.4.0/bin/../lib/gcc/ppc64le-redhat-linux/6.4.0/../../../../ppc64le-redhat-linux/bin/
LIBRARY_PATH=/gpfs/apps/POWER9/GCC/6.4.0/bin/../lib/gcc/ppc64le-redhat-linux/6.4.0/:/gpfs/apps/POWER9/GCC/6.4.0/bin/../lib/gcc/:/usr/local/cuda-9.1/extras/CUPTI/lib64/../lib64/:/usr/local/cuda-9.1/nvvm/lib64/../lib64/:/gpfs/apps/POWER9/GCC/6.4.0/bin/../lib/gcc/ppc64le-redhat-linux/6.4.0/../../../../lib64/:/lib/../lib64/:/usr/lib/../lib64/:/usr/local/cuda-9.1/extras/CUPTI/lib64/:/usr/local/cuda-9.1/nvvm/lib64/:/usr/local/cuda-9.1/lib64/:/apps/OPENMPI/3.0.0/GCC/lib/:/gpfs/apps/POWER9/GCC/6.4.0/bin/../lib/gcc/ppc64le-redhat-linux/6.4.0/../../../../ppc64le-redhat-linux/lib/:/gpfs/apps/POWER9/GCC/6.4.0/bin/../lib/gcc/ppc64le-redhat-linux/6.4.0/../../../:/lib/:/usr/lib/
COLLECT_GCC_OPTIONS='-v' '-o' 'cmTC_2cb54' '-L/usr/local/cuda-9.1/targets/ppc64le-linux/lib/stubs' '-L/usr/local/cuda-9.1/targets/ppc64le-linux/lib' '-shared-libgcc' '-mtune=power9' '-mcpu=power9'
 /gpfs/apps/POWER9/GCC/6.4.0/bin/../libexec/gcc/ppc64le-redhat-linux/6.4.0/collect2 -plugin /gpfs/apps/POWER9/GCC/6.4.0/bin/../libexec/gcc/ppc64le-redhat-linux/6.4.0/liblto_plugin.so -plugin-opt=/gpfs/apps/POWER9/GCC/6.4.0/bin/../libexec/gcc/ppc64le-redhat-linux/6.4.0/lto-wrapper -plugin-opt=-fresolution=/tmp/cc752iwA.res -plugin-opt=-pass-through=-lgcc_s -plugin-opt=-pass-through=-lgcc -plugin-opt=-pass-through=-lc -plugin-opt=-pass-through=-lgcc_s -plugin-opt=-pass-through=-lgcc --build-id --eh-frame-hdr --hash-style=gnu -V -m elf64lppc -dynamic-linker /lib64/ld64.so.2 -o cmTC_2cb54 /lib/../lib64/crt1.o /lib/../lib64/crti.o /gpfs/apps/POWER9/GCC/6.4.0/bin/../lib/gcc/ppc64le-redhat-linux/6.4.0/crtbegin.o -L/usr/local/cuda-9.1/targets/ppc64le-linux/lib/stubs -L/usr/local/cuda-9.1/targets/ppc64le-linux/lib -L/gpfs/apps/POWER9/GCC/6.4.0/bin/../lib/gcc/ppc64le-redhat-linux/6.4.0 -L/gpfs/apps/POWER9/GCC/6.4.0/bin/../lib/gcc -L/usr/local/cuda-9.1/extras/CUPTI/lib64/../lib64 -L/usr/local/cuda-9.1/nvvm/lib64/../lib64 -L/gpfs/apps/POWER9/GCC/6.4.0/bin/../lib/gcc/ppc64le-redhat-linux/6.4.0/../../../../lib64 -L/lib/../lib64 -L/usr/lib/../lib64 -L/usr/local/cuda-9.1/extras/CUPTI/lib64 -L/usr/local/cuda-9.1/nvvm/lib64 -L/usr/local/cuda-9.1/lib64 -L/apps/OPENMPI/3.0.0/GCC/lib -L/gpfs/apps/POWER9/GCC/6.4.0/bin/../lib/gcc/ppc64le-redhat-linux/6.4.0/../../../../ppc64le-redhat-linux/lib -L/gpfs/apps/POWER9/GCC/6.4.0/bin/../lib/gcc/ppc64le-redhat-linux/6.4.0/../../.. CMakeFiles/cmTC_2cb54.dir/CMakeCUDACompilerABI.cu.o CMakeFiles/cmTC_2cb54.dir/cmake_device_link.o -lcudadevrt -lcudart_static -lrt -lpthread -ldl -lstdc++ -lm -lgcc_s -lgcc -lc -lgcc_s -lgcc /gpfs/apps/POWER9/GCC/6.4.0/bin/../lib/gcc/ppc64le-redhat-linux/6.4.0/crtend.o /lib/../lib64/crtn.o
GNU ld (GNU Binutils) 2.30
  Supported emulations:
   elf64lppc
   elf32lppc
   elf32lppclinux
   elf32lppcsim
   elf64ppc
   elf32ppc
   elf32ppclinux
   elf32ppcsim
COLLECT_GCC_OPTIONS='-v' '-o' 'cmTC_2cb54' '-L/usr/local/cuda-9.1/targets/ppc64le-linux/lib/stubs' '-L/usr/local/cuda-9.1/targets/ppc64le-linux/lib' '-shared-libgcc' '-mtune=power9' '-mcpu=power9'
gmake[1]: Leaving directory `/gpfs/home/nct01/nct01051/pumps_cuda_22/gather/build/CMakeFiles/CMakeTmp'


Parsed CUDA implicit link information from above output:
  link line regex: [^( *|.*[/\])(ld|CMAKE_LINK_STARTFILE-NOTFOUND|([^/\]+-)?ld|collect2)[^/\]*( |$)]
  ignore line: [Change Dir: /home/nct01/nct01051/pumps_cuda_22/gather/build/CMakeFiles/CMakeTmp]
  ignore line: []
  ignore line: [Run Build Command:"/usr/bin/gmake" "cmTC_2cb54/fast"]
  ignore line: [/usr/bin/gmake -f CMakeFiles/cmTC_2cb54.dir/build.make CMakeFiles/cmTC_2cb54.dir/build]
  ignore line: [gmake[1]: Entering directory `/gpfs/home/nct01/nct01051/pumps_cuda_22/gather/build/CMakeFiles/CMakeTmp']
  ignore line: [Building CUDA object CMakeFiles/cmTC_2cb54.dir/CMakeCUDACompilerABI.cu.o]
  ignore line: [/usr/local/cuda-9.1/bin/nvcc     -x cu -c /gpfs/apps/POWER9/CMAKE/3.11.1/share/cmake-3.11/Modules/CMakeCUDACompilerABI.cu -o CMakeFiles/cmTC_2cb54.dir/CMakeCUDACompilerABI.cu.o]
  ignore line: [Linking CUDA device code CMakeFiles/cmTC_2cb54.dir/cmake_device_link.o]
  ignore line: [/gpfs/apps/POWER9/CMAKE/3.11.1/bin/cmake -E cmake_link_script CMakeFiles/cmTC_2cb54.dir/dlink.txt --verbose=1]
  ignore line: [/usr/local/cuda-9.1/bin/nvcc     -Xcompiler=-fPIC -Wno-deprecated-gpu-targets -shared -dlink CMakeFiles/cmTC_2cb54.dir/CMakeCUDACompilerABI.cu.o -o CMakeFiles/cmTC_2cb54.dir/cmake_device_link.o ]
  ignore line: [Linking CUDA executable cmTC_2cb54]
  ignore line: [/gpfs/apps/POWER9/CMAKE/3.11.1/bin/cmake -E cmake_link_script CMakeFiles/cmTC_2cb54.dir/link.txt --verbose=1]
  ignore line: [/apps/GCC/6.4.0/bin/g++   -v CMakeFiles/cmTC_2cb54.dir/CMakeCUDACompilerABI.cu.o CMakeFiles/cmTC_2cb54.dir/cmake_device_link.o -o cmTC_2cb54  -L"/usr/local/cuda-9.1/targets/ppc64le-linux/lib/stubs" -L"/usr/local/cuda-9.1/targets/ppc64le-linux/lib" -lcudadevrt -lcudart_static -lrt -lpthread -ldl]
  ignore line: [Using built-in specs.]
  ignore line: [COLLECT_GCC=/apps/GCC/6.4.0/bin/g++]
  ignore line: [COLLECT_LTO_WRAPPER=/gpfs/apps/POWER9/GCC/6.4.0/bin/../libexec/gcc/ppc64le-redhat-linux/6.4.0/lto-wrapper]
  ignore line: [Target: ppc64le-redhat-linux]
  ignore line: [Configured with: ../configure --prefix=/apps/GCC/6.4.0 --enable-bootstrap --enable-shared --enable-threads=posix --enable-checking=release --with-system-zlib --enable-__cxa_atexit --disable-libunwind-exceptions --enable-gnu-unique-object --enable-linker-build-id --with-linker-hash-style=gnu --enable-languages=c,c++,objc,obj-c++,fortran,ada,go,lto --enable-plugin --enable-initfini-array --disable-libgcj --with-isl --enable-gnu-indirect-function --enable-secureplt --with-long-double-128 --enable-targets=powerpcle-linux --disable-multilib --with-cpu-64=power9 --with-tune-64=power9 --build=ppc64le-redhat-linux --enable-ld --enable-libstdcxx-allocator=new --disable-libstdcxx-pch --enable-linux-futex --enable-lto --enable-plugin --enable-libada --enable-libssp]
  ignore line: [Thread model: posix]
  ignore line: [gcc version 6.4.0 (GCC) ]
  ignore line: [COMPILER_PATH=/gpfs/apps/POWER9/GCC/6.4.0/bin/../libexec/gcc/ppc64le-redhat-linux/6.4.0/:/gpfs/apps/POWER9/GCC/6.4.0/bin/../libexec/gcc/:/gpfs/apps/POWER9/GCC/6.4.0/bin/../lib/gcc/ppc64le-redhat-linux/6.4.0/../../../../ppc64le-redhat-linux/bin/]
  ignore line: [LIBRARY_PATH=/gpfs/apps/POWER9/GCC/6.4.0/bin/../lib/gcc/ppc64le-redhat-linux/6.4.0/:/gpfs/apps/POWER9/GCC/6.4.0/bin/../lib/gcc/:/usr/local/cuda-9.1/extras/CUPTI/lib64/../lib64/:/usr/local/cuda-9.1/nvvm/lib64/../lib64/:/gpfs/apps/POWER9/GCC/6.4.0/bin/../lib/gcc/ppc64le-redhat-linux/6.4.0/../../../../lib64/:/lib/../lib64/:/usr/lib/../lib64/:/usr/local/cuda-9.1/extras/CUPTI/lib64/:/usr/local/cuda-9.1/nvvm/lib64/:/usr/local/cuda-9.1/lib64/:/apps/OPENMPI/3.0.0/GCC/lib/:/gpfs/apps/POWER9/GCC/6.4.0/bin/../lib/gcc/ppc64le-redhat-linux/6.4.0/../../../../ppc64le-redhat-linux/lib/:/gpfs/apps/POWER9/GCC/6.4.0/bin/../lib/gcc/ppc64le-redhat-linux/6.4.0/../../../:/lib/:/usr/lib/]
  ignore line: [COLLECT_GCC_OPTIONS='-v' '-o' 'cmTC_2cb54' '-L/usr/local/cuda-9.1/targets/ppc64le-linux/lib/stubs' '-L/usr/local/cuda-9.1/targets/ppc64le-linux/lib' '-shared-libgcc' '-mtune=power9' '-mcpu=power9']
  link line: [ /gpfs/apps/POWER9/GCC/6.4.0/bin/../libexec/gcc/ppc64le-redhat-linux/6.4.0/collect2 -plugin /gpfs/apps/POWER9/GCC/6.4.0/bin/../libexec/gcc/ppc64le-redhat-linux/6.4.0/liblto_plugin.so -plugin-opt=/gpfs/apps/POWER9/GCC/6.4.0/bin/../libexec/gcc/ppc64le-redhat-linux/6.4.0/lto-wrapper -plugin-opt=-fresolution=/tmp/cc752iwA.res -plugin-opt=-pass-through=-lgcc_s -plugin-opt=-pass-through=-lgcc -plugin-opt=-pass-through=-lc -plugin-opt=-pass-through=-lgcc_s -plugin-opt=-pass-through=-lgcc --build-id --eh-frame-hdr --hash-style=gnu -V -m elf64lppc -dynamic-linker /lib64/ld64.so.2 -o cmTC_2cb54 /lib/../lib64/crt1.o /lib/../lib64/crti.o /gpfs/apps/POWER9/GCC/6.4.0/bin/../lib/gcc/ppc64le-redhat-linux/6.4.0/crtbegin.o -L/usr/local/cuda-9.1/targets/ppc64le-linux/lib/stubs -L/usr/local/cuda-9.1/targets/ppc64le-linux/lib -L/gpfs/apps/POWER9/GCC/6.4.0/bin/../lib/gcc/ppc64le-redhat-linux/6.4.0 -L/gpfs/apps/POWER9/GCC/6.4.0/bin/../lib/gcc -L/usr/local/cuda-9.1/extras/CUPTI/lib64/../lib64 -L/usr/local/cuda-9.1/nvvm/lib64/../lib64 -L/gpfs/apps/POWER9/GCC/6.4.0/bin/../lib/gcc/ppc64le-redhat-linux/6.4.0/../../../../lib64 -L/lib/../lib64 -L/usr/lib/../lib64 -L/usr/local/cuda-9.1/extras/CUPTI/lib64 -L/usr/local/cuda-9.1/nvvm/lib64 -L/usr/local/cuda-9.1/lib64 -L/apps/OPENMPI/3.0.0/GCC/lib -L/gpfs/apps/POWER9/GCC/6.4.0/bin/../lib/gcc/ppc64le-redhat-linux/6.4.0/../../../../ppc64le-redhat-linux/lib -L/gpfs/apps/POWER9/GCC/6.4.0/bin/../lib/gcc/ppc64le-redhat-linux/6.4.0/../../.. CMakeFiles/cmTC_2cb54.dir/CMakeCUDACompilerABI.cu.o CMakeFiles/cmTC_2cb54.dir/cmake_device_link.o -lcudadevrt -lcudart_static -lrt -lpthread -ldl -lstdc++ -lm -lgcc_s -lgcc -lc -lgcc_s -lgcc /gpfs/apps/POWER9/GCC/6.4.0/bin/../lib/gcc/ppc64le-redhat-linux/6.4.0/crtend.o /lib/../lib64/crtn.o]
    arg [/gpfs/apps/POWER9/GCC/6.4.0/bin/../libexec/gcc/ppc64le-redhat-linux/6.4.0/collect2] ==> ignore
    arg [-plugin] ==> ignore
    arg [/gpfs/apps/POWER9/GCC/6.4.0/bin/../libexec/gcc/ppc64le-redhat-linux/6.4.0/liblto_plugin.so] ==> ignore
    arg [-plugin-opt=/gpfs/apps/POWER9/GCC/6.4.0/bin/../libexec/gcc/ppc64le-redhat-linux/6.4.0/lto-wrapper] ==> ignore
    arg [-plugin-opt=-fresolution=/tmp/cc752iwA.res] ==> ignore
    arg [-plugin-opt=-pass-through=-lgcc_s] ==> ignore
    arg [-plugin-opt=-pass-through=-lgcc] ==> ignore
    arg [-plugin-opt=-pass-through=-lc] ==> ignore
    arg [-plugin-opt=-pass-through=-lgcc_s] ==> ignore
    arg [-plugin-opt=-pass-through=-lgcc] ==> ignore
    arg [--build-id] ==> ignore
    arg [--eh-frame-hdr] ==> ignore
    arg [--hash-style=gnu] ==> ignore
    arg [-V] ==> ignore
    arg [-m] ==> ignore
    arg [elf64lppc] ==> ignore
    arg [-dynamic-linker] ==> ignore
    arg [/lib64/ld64.so.2] ==> ignore
    arg [-o] ==> ignore
    arg [cmTC_2cb54] ==> ignore
    arg [/lib/../lib64/crt1.o] ==> ignore
    arg [/lib/../lib64/crti.o] ==> ignore
    arg [/gpfs/apps/POWER9/GCC/6.4.0/bin/../lib/gcc/ppc64le-redhat-linux/6.4.0/crtbegin.o] ==> ignore
    arg [-L/usr/local/cuda-9.1/targets/ppc64le-linux/lib/stubs] ==> dir [/usr/local/cuda-9.1/targets/ppc64le-linux/lib/stubs]
    arg [-L/usr/local/cuda-9.1/targets/ppc64le-linux/lib] ==> dir [/usr/local/cuda-9.1/targets/ppc64le-linux/lib]
    arg [-L/gpfs/apps/POWER9/GCC/6.4.0/bin/../lib/gcc/ppc64le-redhat-linux/6.4.0] ==> dir [/gpfs/apps/POWER9/GCC/6.4.0/bin/../lib/gcc/ppc64le-redhat-linux/6.4.0]
    arg [-L/gpfs/apps/POWER9/GCC/6.4.0/bin/../lib/gcc] ==> dir [/gpfs/apps/POWER9/GCC/6.4.0/bin/../lib/gcc]
    arg [-L/usr/local/cuda-9.1/extras/CUPTI/lib64/../lib64] ==> dir [/usr/local/cuda-9.1/extras/CUPTI/lib64/../lib64]
    arg [-L/usr/local/cuda-9.1/nvvm/lib64/../lib64] ==> dir [/usr/local/cuda-9.1/nvvm/lib64/../lib64]
    arg [-L/gpfs/apps/POWER9/GCC/6.4.0/bin/../lib/gcc/ppc64le-redhat-linux/6.4.0/../../../../lib64] ==> dir [/gpfs/apps/POWER9/GCC/6.4.0/bin/../lib/gcc/ppc64le-redhat-linux/6.4.0/../../../../lib64]
    arg [-L/lib/../lib64] ==> dir [/lib/../lib64]
    arg [-L/usr/lib/../lib64] ==> dir [/usr/lib/../lib64]
    arg [-L/usr/local/cuda-9.1/extras/CUPTI/lib64] ==> dir [/usr/local/cuda-9.1/extras/CUPTI/lib64]
    arg [-L/usr/local/cuda-9.1/nvvm/lib64] ==> dir [/usr/local/cuda-9.1/nvvm/lib64]
    arg [-L/usr/local/cuda-9.1/lib64] ==> dir [/usr/local/cuda-9.1/lib64]
    arg [-L/apps/OPENMPI/3.0.0/GCC/lib] ==> dir [/apps/OPENMPI/3.0.0/GCC/lib]
    arg [-L/gpfs/apps/POWER9/GCC/6.4.0/bin/../lib/gcc/ppc64le-redhat-linux/6.4.0/../../../../ppc64le-redhat-linux/lib] ==> dir [/gpfs/apps/POWER9/GCC/6.4.0/bin/../lib/gcc/ppc64le-redhat-linux/6.4.0/../../../../ppc64le-redhat-linux/lib]
    arg [-L/gpfs/apps/POWER9/GCC/6.4.0/bin/../lib/gcc/ppc64le-redhat-linux/6.4.0/../../..] ==> dir [/gpfs/apps/POWER9/GCC/6.4.0/bin/../lib/gcc/ppc64le-redhat-linux/6.4.0/../../..]
    arg [CMakeFiles/cmTC_2cb54.dir/CMakeCUDACompilerABI.cu.o] ==> ignore
    arg [CMakeFiles/cmTC_2cb54.dir/cmake_device_link.o] ==> ignore
    arg [-lcudadevrt] ==> lib [cudadevrt]
    arg [-lcudart_static] ==> lib [cudart_static]
    arg [-lrt] ==> lib [rt]
    arg [-lpthread] ==> lib [pthread]
    arg [-ldl] ==> lib [dl]
    arg [-lstdc++] ==> lib [stdc++]
    arg [-lm] ==> lib [m]
    arg [-lgcc_s] ==> lib [gcc_s]
    arg [-lgcc] ==> lib [gcc]
    arg [-lc] ==> lib [c]
    arg [-lgcc_s] ==> lib [gcc_s]
    arg [-lgcc] ==> lib [gcc]
    arg [/gpfs/apps/POWER9/GCC/6.4.0/bin/../lib/gcc/ppc64le-redhat-linux/6.4.0/crtend.o] ==> ignore
    arg [/lib/../lib64/crtn.o] ==> ignore
  collapse library dir [/usr/local/cuda-9.1/targets/ppc64le-linux/lib/stubs] ==> [/usr/local/cuda-9.1/targets/ppc64le-linux/lib/stubs]
  collapse library dir [/usr/local/cuda-9.1/targets/ppc64le-linux/lib] ==> [/usr/local/cuda-9.1/targets/ppc64le-linux/lib]
  collapse library dir [/gpfs/apps/POWER9/GCC/6.4.0/bin/../lib/gcc/ppc64le-redhat-linux/6.4.0] ==> [/gpfs/apps/POWER9/GCC/6.4.0/lib/gcc/ppc64le-redhat-linux/6.4.0]
  collapse library dir [/gpfs/apps/POWER9/GCC/6.4.0/bin/../lib/gcc] ==> [/gpfs/apps/POWER9/GCC/6.4.0/lib/gcc]
  collapse library dir [/usr/local/cuda-9.1/extras/CUPTI/lib64/../lib64] ==> [/usr/local/cuda-9.1/extras/CUPTI/lib64]
  collapse library dir [/usr/local/cuda-9.1/nvvm/lib64/../lib64] ==> [/usr/local/cuda-9.1/nvvm/lib64]
  collapse library dir [/gpfs/apps/POWER9/GCC/6.4.0/bin/../lib/gcc/ppc64le-redhat-linux/6.4.0/../../../../lib64] ==> [/gpfs/apps/POWER9/GCC/6.4.0/lib64]
  collapse library dir [/lib/../lib64] ==> [/lib64]
  collapse library dir [/usr/lib/../lib64] ==> [/usr/lib64]
  collapse library dir [/usr/local/cuda-9.1/extras/CUPTI/lib64] ==> [/usr/local/cuda-9.1/extras/CUPTI/lib64]
  collapse library dir [/usr/local/cuda-9.1/nvvm/lib64] ==> [/usr/local/cuda-9.1/nvvm/lib64]
  collapse library dir [/usr/local/cuda-9.1/lib64] ==> [/usr/local/cuda-9.1/lib64]
  collapse library dir [/apps/OPENMPI/3.0.0/GCC/lib] ==> [/apps/OPENMPI/3.0.0/GCC/lib]
  collapse library dir [/gpfs/apps/POWER9/GCC/6.4.0/bin/../lib/gcc/ppc64le-redhat-linux/6.4.0/../../../../ppc64le-redhat-linux/lib] ==> [/gpfs/apps/POWER9/GCC/6.4.0/ppc64le-redhat-linux/lib]
  collapse library dir [/gpfs/apps/POWER9/GCC/6.4.0/bin/../lib/gcc/ppc64le-redhat-linux/6.4.0/../../..] ==> [/gpfs/apps/POWER9/GCC/6.4.0/lib]
  implicit libs: [cudadevrt;cudart_static;rt;pthread;dl;stdc++;m;gcc_s;gcc;c;gcc_s;gcc]
  implicit dirs: [/usr/local/cuda-9.1/targets/ppc64le-linux/lib/stubs;/usr/local/cuda-9.1/targets/ppc64le-linux/lib;/gpfs/apps/POWER9/GCC/6.4.0/lib/gcc/ppc64le-redhat-linux/6.4.0;/gpfs/apps/POWER9/GCC/6.4.0/lib/gcc;/usr/local/cuda-9.1/extras/CUPTI/lib64;/usr/local/cuda-9.1/nvvm/lib64;/gpfs/apps/POWER9/GCC/6.4.0/lib64;/lib64;/usr/lib64;/usr/local/cuda-9.1/lib64;/apps/OPENMPI/3.0.0/GCC/lib;/gpfs/apps/POWER9/GCC/6.4.0/ppc64le-redhat-linux/lib;/gpfs/apps/POWER9/GCC/6.4.0/lib]
  implicit fwks: []


Determining if the include file pthread.h exists passed with the following output:
Change Dir: /home/nct01/nct01051/pumps_cuda_22/gather/build/CMakeFiles/CMakeTmp

Run Build Command:"/usr/bin/gmake" "cmTC_4f24f/fast"
/usr/bin/gmake -f CMakeFiles/cmTC_4f24f.dir/build.make CMakeFiles/cmTC_4f24f.dir/build
gmake[1]: Entering directory `/gpfs/home/nct01/nct01051/pumps_cuda_22/gather/build/CMakeFiles/CMakeTmp'
Building CXX object CMakeFiles/cmTC_4f24f.dir/CheckIncludeFile.cxx.o
/apps/GCC/6.4.0/bin/g++     -o CMakeFiles/cmTC_4f24f.dir/CheckIncludeFile.cxx.o -c /home/nct01/nct01051/pumps_cuda_22/gather/build/CMakeFiles/CMakeTmp/CheckIncludeFile.cxx
Linking CXX executable cmTC_4f24f
/gpfs/apps/POWER9/CMAKE/3.11.1/bin/cmake -E cmake_link_script CMakeFiles/cmTC_4f24f.dir/link.txt --verbose=1
/apps/GCC/6.4.0/bin/g++       CMakeFiles/cmTC_4f24f.dir/CheckIncludeFile.cxx.o  -o cmTC_4f24f 
gmake[1]: Leaving directory `/gpfs/home/nct01/nct01051/pumps_cuda_22/gather/build/CMakeFiles/CMakeTmp'


Determining if the function pthread_create exists in the pthread passed with the following output:
Change Dir: /home/nct01/nct01051/pumps_cuda_22/gather/build/CMakeFiles/CMakeTmp

Run Build Command:"/usr/bin/gmake" "cmTC_e0588/fast"
/usr/bin/gmake -f CMakeFiles/cmTC_e0588.dir/build.make CMakeFiles/cmTC_e0588.dir/build
gmake[1]: Entering directory `/gpfs/home/nct01/nct01051/pumps_cuda_22/gather/build/CMakeFiles/CMakeTmp'
Building CXX object CMakeFiles/cmTC_e0588.dir/CheckFunctionExists.cxx.o
/apps/GCC/6.4.0/bin/g++    -DCHECK_FUNCTION_EXISTS=pthread_create   -o CMakeFiles/cmTC_e0588.dir/CheckFunctionExists.cxx.o -c /home/nct01/nct01051/pumps_cuda_22/gather/build/CMakeFiles/CheckLibraryExists/CheckFunctionExists.cxx
Linking CXX executable cmTC_e0588
/gpfs/apps/POWER9/CMAKE/3.11.1/bin/cmake -E cmake_link_script CMakeFiles/cmTC_e0588.dir/link.txt --verbose=1
/apps/GCC/6.4.0/bin/g++   -DCHECK_FUNCTION_EXISTS=pthread_create    CMakeFiles/cmTC_e0588.dir/CheckFunctionExists.cxx.o  -o cmTC_e0588 -lpthread 
gmake[1]: Leaving directory `/gpfs/home/nct01/nct01051/pumps_cuda_22/gather/build/CMakeFiles/CMakeTmp'


