Determining if the pthread_create exist failed with the following output:
Change Dir: /home/nct01/nct01051/pumps_cuda_22/gather/build/CMakeFiles/CMakeTmp

Run Build Command:"/usr/bin/gmake" "cmTC_a12ed/fast"
/usr/bin/gmake -f CMakeFiles/cmTC_a12ed.dir/build.make CMakeFiles/cmTC_a12ed.dir/build
gmake[1]: Entering directory `/gpfs/home/nct01/nct01051/pumps_cuda_22/gather/build/CMakeFiles/CMakeTmp'
Building CXX object CMakeFiles/cmTC_a12ed.dir/CheckSymbolExists.cxx.o
/apps/GCC/6.4.0/bin/g++     -o CMakeFiles/cmTC_a12ed.dir/CheckSymbolExists.cxx.o -c /home/nct01/nct01051/pumps_cuda_22/gather/build/CMakeFiles/CMakeTmp/CheckSymbolExists.cxx
Linking CXX executable cmTC_a12ed
/gpfs/apps/POWER9/CMAKE/3.11.1/bin/cmake -E cmake_link_script CMakeFiles/cmTC_a12ed.dir/link.txt --verbose=1
/apps/GCC/6.4.0/bin/g++       CMakeFiles/cmTC_a12ed.dir/CheckSymbolExists.cxx.o  -o cmTC_a12ed 
CMakeFiles/cmTC_a12ed.dir/CheckSymbolExists.cxx.o:(.toc+0x0): undefined reference to `pthread_create'
collect2: error: ld returned 1 exit status
gmake[1]: *** [cmTC_a12ed] Error 1
gmake[1]: Leaving directory `/gpfs/home/nct01/nct01051/pumps_cuda_22/gather/build/CMakeFiles/CMakeTmp'
gmake: *** [cmTC_a12ed/fast] Error 2

File /home/nct01/nct01051/pumps_cuda_22/gather/build/CMakeFiles/CMakeTmp/CheckSymbolExists.cxx:
/* */
#include <pthread.h>

int main(int argc, char** argv)
{
  (void)argv;
#ifndef pthread_create
  return ((int*)(&pthread_create))[argc];
#else
  (void)argc;
  return 0;
#endif
}

Determining if the function pthread_create exists in the pthreads failed with the following output:
Change Dir: /home/nct01/nct01051/pumps_cuda_22/gather/build/CMakeFiles/CMakeTmp

Run Build Command:"/usr/bin/gmake" "cmTC_75211/fast"
/usr/bin/gmake -f CMakeFiles/cmTC_75211.dir/build.make CMakeFiles/cmTC_75211.dir/build
gmake[1]: Entering directory `/gpfs/home/nct01/nct01051/pumps_cuda_22/gather/build/CMakeFiles/CMakeTmp'
Building CXX object CMakeFiles/cmTC_75211.dir/CheckFunctionExists.cxx.o
/apps/GCC/6.4.0/bin/g++    -DCHECK_FUNCTION_EXISTS=pthread_create   -o CMakeFiles/cmTC_75211.dir/CheckFunctionExists.cxx.o -c /home/nct01/nct01051/pumps_cuda_22/gather/build/CMakeFiles/CheckLibraryExists/CheckFunctionExists.cxx
Linking CXX executable cmTC_75211
/gpfs/apps/POWER9/CMAKE/3.11.1/bin/cmake -E cmake_link_script CMakeFiles/cmTC_75211.dir/link.txt --verbose=1
/apps/GCC/6.4.0/bin/g++   -DCHECK_FUNCTION_EXISTS=pthread_create    CMakeFiles/cmTC_75211.dir/CheckFunctionExists.cxx.o  -o cmTC_75211 -lpthreads 
/gpfs/apps/POWER9/GCC/6.4.0/bin/../lib/gcc/ppc64le-redhat-linux/6.4.0/../../../../ppc64le-redhat-linux/bin/ld: cannot find -lpthreads
collect2: error: ld returned 1 exit status
gmake[1]: *** [cmTC_75211] Error 1
gmake[1]: Leaving directory `/gpfs/home/nct01/nct01051/pumps_cuda_22/gather/build/CMakeFiles/CMakeTmp'
gmake: *** [cmTC_75211/fast] Error 2


